#
# A fatal error has been detected by the Java Runtime Environment:
#
#  EXCEPTION_UNCAUGHT_CXX_EXCEPTION (0xe06d7363) at pc=0x00007fffaf91bb0a, pid=278924, tid=270076
#
# JRE version: Java(TM) SE Runtime Environment 18.9 (11.0.23+7) (build 11.0.23+7-LTS-222)
# Java VM: Java HotSpot(TM) 64-Bit Server VM 18.9 (11.0.23+7-LTS-222, mixed mode, tiered, compressed oops, g1 gc, windows-amd64)
# Problematic frame:
# C  [KERNELBASE.dll+0xcbb0a]
#
# No core dump will be written. Minidumps are not enabled by default on client versions of Windows
#
# If you would like to submit a bug report, please visit:
#   https://bugreport.java.com/bugreport/crash.jsp
# The crash happened outside the Java Virtual Machine in native code.
# See problematic frame for where to report the bug.
#

---------------  S U M M A R Y ------------

Command Line: 

Host: AMD Ryzen 7 7745HX with Radeon Graphics        , 16 cores, 31G,  Windows 11 , 64 bit Build 26100 (10.0.26100.3037)
Time: Fri Feb  7 16:00:47 2025 Mitteleuropäische Zeit elapsed time: 0.546520 seconds (0d 0h 0m 0s)

---------------  T H R E A D  ---------------

Current thread (0x000001b96e2f2800):  JavaThread "main" [_thread_in_native, id=270076, stack(0x00000039ee600000,0x00000039ee7f0000)]

Stack: [0x00000039ee600000,0x00000039ee7f0000],  sp=0x00000039ee7ecc20,  free space=1971k
Native frames: (J=compiled Java code, j=interpreted, Vv=VM code, C=native code)
C  [KERNELBASE.dll+0xcbb0a]
C  [VCRUNTIME140.dll+0x6ba7]
C  [_jpype.cp312-win_amd64.pyd+0x3df55]
C  [_jpype.cp312-win_amd64.pyd+0x2c35b]
C  0x000001b90000f377

Java frames: (J=compiled Java code, j=interpreted, Vv=VM code)
j  org.jpype.manager.TypeFactoryNative.newWrapper(JJ)V+0
j  org.jpype.JPypeContext.newWrapper(J)V+16
v  ~StubRoutines::call_stub
j  org.jpype.manager.TypeFactoryNative.newWrapper(JJ)V+0
j  org.jpype.JPypeContext.newWrapper(J)V+16
v  ~StubRoutines::call_stub

siginfo: EXCEPTION_UNCAUGHT_CXX_EXCEPTION (0xe06d7363), ExceptionInformation=0x0000000019930520 0x00000039ee7ece50 0x00007fff41c490b0 0x00007fff41be0000 


Register to memory mapping:

RIP=0x00007fffaf91bb0a KERNELBASE.dll
RAX=0x0 is NULL
RBX=0x00000039ee7ecd48 is pointing into the stack for thread: 0x000001b96e2f2800
RCX=0x0 is NULL
RDX=0x0 is NULL
RSP=0x00000039ee7ecc20 is pointing into the stack for thread: 0x000001b96e2f2800
RBP=0x0000000000000004 is an unknown value
RSI=0x0000000000000001 is an unknown value
RDI=0x00000000e06d7363 is an unknown value
R8 =0x0 is NULL
R9 =0x0 is NULL
R10=0x0 is NULL
R11=0x0 is NULL
R12=0x00000039ee7ecf70 is pointing into the stack for thread: 0x000001b96e2f2800
R13=0x000001b97ed7d0a0 points into unknown readable memory: 0x00007fff41c34d58 | 58 4d c3 41 ff 7f 00 00
R14=0x000001b91ebe9500 points into unknown readable memory: 0x0000000000000001 | 01 00 00 00 00 00 00 00
R15=0x000001b91ebebb40 points into unknown readable memory: 0x0000000000000002 | 02 00 00 00 00 00 00 00


Registers:
RAX=0x0000000000000000, RBX=0x00000039ee7ecd48, RCX=0x0000000000000000, RDX=0x0000000000000000
RSP=0x00000039ee7ecc20, RBP=0x0000000000000004, RSI=0x0000000000000001, RDI=0x00000000e06d7363
R8 =0x0000000000000000, R9 =0x0000000000000000, R10=0x0000000000000000, R11=0x0000000000000000
R12=0x00000039ee7ecf70, R13=0x000001b97ed7d0a0, R14=0x000001b91ebe9500, R15=0x000001b91ebebb40
RIP=0x00007fffaf91bb0a, EFLAGS=0x0000000000000206

Top of Stack: (sp=0x00000039ee7ecc20)
0x00000039ee7ecc20:   bff0000000000000 00000039ee7ecd48
0x00000039ee7ecc30:   0000000000000001 0000000000000000
0x00000039ee7ecc40:   00000081e06d7363 0000000000000000
0x00000039ee7ecc50:   00007fffaf91bb0a 0000000000000004
0x00000039ee7ecc60:   0000000019930520 00000039ee7ece50
0x00000039ee7ecc70:   00007fff41c490b0 00007fff41be0000
0x00000039ee7ecc80:   0000000000000000 0000000000000000
0x00000039ee7ecc90:   0000000000000000 0000000000000000
0x00000039ee7ecca0:   0000000000000000 0000000000000000
0x00000039ee7eccb0:   0000000000000000 0000000000000000
0x00000039ee7eccc0:   0000000000000000 0000000000000000
0x00000039ee7eccd0:   0000000000000000 00007fffaf710139
0x00000039ee7ecce0:   0000f5ae46521d87 00000039ee7ece80
0x00000039ee7eccf0:   00007fff41c50000 0000000019930520
0x00000039ee7ecd00:   00000039ee7ece50 00000039ee7ece80
0x00000039ee7ecd10:   00007fff41c490b0 00007fff8b8b6ba7 

Instructions: (pc=0x00007fffaf91bb0a)
0x00007fffaf91baea:   8b d3 44 0f 46 c5 44 89 44 24 38 49 c1 e0 03 e8
0x00007fffaf91bafa:   59 0a 0c 00 48 8d 4c 24 20 48 ff 15 4e 74 1b 00
0x00007fffaf91bb0a:   0f 1f 44 00 00 48 8b 8c 24 c0 00 00 00 48 33 cc
0x00007fffaf91bb1a:   e8 81 0a 0c 00 48 81 c4 d8 00 00 00 5f 5e 5d 5b 


Stack slot to memory mapping:
stack at sp + 0 slots: 0xbff0000000000000 is an unknown value
stack at sp + 1 slots: 0x00000039ee7ecd48 is pointing into the stack for thread: 0x000001b96e2f2800
stack at sp + 2 slots: 0x0000000000000001 is an unknown value
stack at sp + 3 slots: 0x0 is NULL
stack at sp + 4 slots: 0x00000081e06d7363 is an unknown value
stack at sp + 5 slots: 0x0 is NULL
stack at sp + 6 slots: 0x00007fffaf91bb0a KERNELBASE.dll
stack at sp + 7 slots: 0x0000000000000004 is an unknown value


---------------  P R O C E S S  ---------------

Threads class SMR info:
_java_thread_list=0x000001b97ed48fc0, length=12, elements={
0x000001b96e2f2800, 0x000001b97ea3d000, 0x000001b97ea59000, 0x000001b97eabc800,
0x000001b97eabd000, 0x000001b97eac0000, 0x000001b97eac0800, 0x000001b97eb4e000,
0x000001b97eb5b800, 0x000001b97ea0c800, 0x000001b97ecba800, 0x000001b97eff1000
}

Java Threads: ( => current thread )
=>0x000001b96e2f2800 JavaThread "main" [_thread_in_native, id=270076, stack(0x00000039ee600000,0x00000039ee7f0000)]
  0x000001b97ea3d000 JavaThread "Reference Handler" daemon [_thread_blocked, id=286368, stack(0x00000039f1670000,0x00000039f1860000)]
  0x000001b97ea59000 JavaThread "Finalizer" daemon [_thread_blocked, id=279448, stack(0x00000039f1860000,0x00000039f1a50000)]
  0x000001b97eabc800 JavaThread "Signal Dispatcher" daemon [_thread_blocked, id=277732, stack(0x00000039f1a50000,0x00000039f1c40000)]
  0x000001b97eabd000 JavaThread "Attach Listener" daemon [_thread_blocked, id=265260, stack(0x00000039f1c40000,0x00000039f1e30000)]
  0x000001b97eac0000 JavaThread "Service Thread" daemon [_thread_blocked, id=73680, stack(0x00000039f1e30000,0x00000039f2020000)]
  0x000001b97eac0800 JavaThread "C2 CompilerThread0" daemon [_thread_blocked, id=275516, stack(0x00000039f2020000,0x00000039f2210000)]
  0x000001b97eb4e000 JavaThread "C1 CompilerThread0" daemon [_thread_blocked, id=230632, stack(0x00000039f2210000,0x00000039f2400000)]
  0x000001b97eb5b800 JavaThread "Sweeper thread" daemon [_thread_blocked, id=237820, stack(0x00000039f2400000,0x00000039f25f0000)]
  0x000001b97ea0c800 JavaThread "C1 CompilerThread1" daemon [_thread_blocked, id=229208, stack(0x00000039f25f0000,0x00000039f27e0000)]
  0x000001b97ecba800 JavaThread "Common-Cleaner" daemon [_thread_blocked, id=225708, stack(0x00000039f29d0000,0x00000039f2bc0000)]
  0x000001b97eff1000 JavaThread "SIGINT handler" daemon [_thread_blocked, id=231124, stack(0x00000039f4300000,0x00000039f44f0000)]

Other Threads:
  0x000001b97ea2f800 VMThread "VM Thread" [stack: 0x00000039f1480000,0x00000039f1670000] [id=279908]
  0x000001b97ec80800 WatcherThread [stack: 0x00000039f27e0000,0x00000039f29d0000] [id=203164]
  0x000001b96e2f3000 GCTaskThread "GC Thread#0" [stack: 0x00000039f0ad0000,0x00000039f0cc0000] [id=271740]
  0x000001b97f01a800 GCTaskThread "GC Thread#1" [stack: 0x00000039f2db0000,0x00000039f2fa0000] [id=287712]
  0x000001b97f01b000 GCTaskThread "GC Thread#2" [stack: 0x00000039f2fa0000,0x00000039f3190000] [id=264412]
  0x000001b97f002800 GCTaskThread "GC Thread#3" [stack: 0x00000039f3190000,0x00000039f3380000] [id=265960]
  0x000001b97f003800 GCTaskThread "GC Thread#4" [stack: 0x00000039f3380000,0x00000039f3570000] [id=266492]
  0x000001b97f052000 GCTaskThread "GC Thread#5" [stack: 0x00000039f3570000,0x00000039f3760000] [id=286784]
  0x000001b97f052800 GCTaskThread "GC Thread#6" [stack: 0x00000039f3760000,0x00000039f3950000] [id=202804]
  0x000001b97f053000 GCTaskThread "GC Thread#7" [stack: 0x00000039f3950000,0x00000039f3b40000] [id=249400]
  0x000001b97f054000 GCTaskThread "GC Thread#8" [stack: 0x00000039f3b40000,0x00000039f3d30000] [id=235940]
  0x000001b97f054800 GCTaskThread "GC Thread#9" [stack: 0x00000039f3d30000,0x00000039f3f20000] [id=249120]
  0x000001b97ef98000 GCTaskThread "GC Thread#10" [stack: 0x00000039f3f20000,0x00000039f4110000] [id=142044]
  0x000001b97ef99000 GCTaskThread "GC Thread#11" [stack: 0x00000039f4110000,0x00000039f4300000] [id=286480]
  0x000001b96cbef000 ConcurrentGCThread "G1 Main Marker" [stack: 0x00000039f0cc0000,0x00000039f0eb0000] [id=279964]
  0x000001b96e19f000 ConcurrentGCThread "G1 Conc#0" [stack: 0x00000039f0eb0000,0x00000039f10a0000] [id=227344]
  0x000001b96cbee000 ConcurrentGCThread "G1 Refine#0" [stack: 0x00000039f10a0000,0x00000039f1290000] [id=271568]
  0x000001b96cbe3800 ConcurrentGCThread "G1 Young RemSet Sampling" [stack: 0x00000039f1290000,0x00000039f1480000] [id=260160]

Threads with active compile tasks:

VM state:not at safepoint (normal execution)

VM Mutex/Monitor currently owned by a thread: None

Heap address: 0x000000060ce00000, size: 7986 MB, Compressed Oops mode: Zero based, Oop shift amount: 3
Narrow klass base: 0x0000000800000000, Narrow klass shift: 0
Compressed class space size: 1073741824 Address: 0x0000000800000000

Heap:
 garbage-first heap   total 20480K, used 1306K [0x000000060ce00000, 0x0000000800000000)
  region size 2048K, 1 young (2048K), 0 survivors (0K)
 Metaspace       used 7035K, capacity 7131K, committed 7424K, reserved 1056768K
  class space    used 627K, capacity 671K, committed 768K, reserved 1048576K
Heap Regions: E=young(eden), S=young(survivor), O=old, HS=humongous(starts), HC=humongous(continues), CS=collection set, F=free, A=archive, TAMS=top-at-mark-start (previous, next)
|   0|0x000000060ce00000, 0x000000060ce00000, 0x000000060d000000|  0%| F|  |TAMS 0x000000060ce00000, 0x000000060ce00000| Untracked 
|   1|0x000000060d000000, 0x000000060d000000, 0x000000060d200000|  0%| F|  |TAMS 0x000000060d000000, 0x000000060d000000| Untracked 
|   2|0x000000060d200000, 0x000000060d200000, 0x000000060d400000|  0%| F|  |TAMS 0x000000060d200000, 0x000000060d200000| Untracked 
|   3|0x000000060d400000, 0x000000060d400000, 0x000000060d600000|  0%| F|  |TAMS 0x000000060d400000, 0x000000060d400000| Untracked 
|   4|0x000000060d600000, 0x000000060d600000, 0x000000060d800000|  0%| F|  |TAMS 0x000000060d600000, 0x000000060d600000| Untracked 
|   5|0x000000060d800000, 0x000000060d8b6148, 0x000000060da00000| 35%| O|  |TAMS 0x000000060d800000, 0x000000060d800000| Untracked 
|   6|0x000000060da00000, 0x000000060da00000, 0x000000060dc00000|  0%| F|  |TAMS 0x000000060da00000, 0x000000060da00000| Untracked 
|   7|0x000000060dc00000, 0x000000060dc35818, 0x000000060de00000| 10%| O|  |TAMS 0x000000060dc00000, 0x000000060dc00000| Untracked 
|   8|0x000000060de00000, 0x000000060de70b20, 0x000000060e000000| 22%| E|  |TAMS 0x000000060de00000, 0x000000060de00000| Complete 
|  10|0x000000060e200000, 0x000000060e25aef0, 0x000000060e400000| 17%| O|  |TAMS 0x000000060e200000, 0x000000060e200000| Untracked 

Card table byte_map: [0x000001b979940000,0x000001b97a8e0000] _byte_map_base: 0x000001b9768d9000

Marking Bits (Prev, Next): (CMBitMap*) 0x000001b96dd9a818, (CMBitMap*) 0x000001b96dd9a850
 Prev Bits: [0x000001b90f000000, 0x000001b916cc8000)
 Next Bits: [0x000001b916cd0000, 0x000001b91e998000)

Polling page: 0x000001b9779c0000

Metaspace:

Usage:
  Non-class:      6.31 MB capacity,     6.26 MB (>99%) used,    47.18 KB ( <1%) free+waste,     4.38 KB ( <1%) overhead. 
      Class:    671.00 KB capacity,   627.06 KB ( 93%) used,    41.94 KB (  6%) free+waste,     2.00 KB ( <1%) overhead. 
       Both:      6.96 MB capacity,     6.87 MB ( 99%) used,    89.12 KB (  1%) free+waste,     6.38 KB ( <1%) overhead. 

Virtual space:
  Non-class space:        8.00 MB reserved,       6.50 MB ( 81%) committed 
      Class space:        1.00 GB reserved,     768.00 KB ( <1%) committed 
             Both:        1.01 GB reserved,       7.25 MB ( <1%) committed 

Chunk freelists:
   Non-Class:  512 bytes
       Class:  128 bytes
        Both:  640 bytes

CodeHeap 'non-profiled nmethods': size=119168Kb used=87Kb max_used=87Kb free=119080Kb
 bounds [0x000001b907ba0000, 0x000001b907e10000, 0x000001b90f000000]
CodeHeap 'profiled nmethods': size=119168Kb used=684Kb max_used=684Kb free=118483Kb
 bounds [0x000001b900740000, 0x000001b9009b0000, 0x000001b907ba0000]
CodeHeap 'non-nmethods': size=7424Kb used=1637Kb max_used=1652Kb free=5786Kb
 bounds [0x000001b900000000, 0x000001b900270000, 0x000001b900740000]
 total_blobs=770 nmethods=420 adapters=261
 compilation: enabled
              stopped_count=0, restarted_count=0
 full_count=0

Compilation events (10 events):
Event: 0.424 Thread 0x000001b97ea0c800  420       3       java.util.TreeMap::successor (66 bytes)
Event: 0.424 Thread 0x000001b97eb4e000 nmethod 417 0x000001b9007e9c10 code [0x000001b9007e9dc0, 0x000001b9007ea058]
Event: 0.424 Thread 0x000001b97eb4e000  418       3       java.util.TreeMap$KeyIterator::next (8 bytes)
Event: 0.424 Thread 0x000001b97ea0c800 nmethod 420 0x000001b9007ea110 code [0x000001b9007ea2c0, 0x000001b9007ea5f8]
Event: 0.424 Thread 0x000001b97ea0c800  419       3       java.util.TreeMap$PrivateEntryIterator::nextEntry (54 bytes)
Event: 0.424 Thread 0x000001b97eb4e000 nmethod 418 0x000001b9007ea790 code [0x000001b9007ea940, 0x000001b9007eaa88]
Event: 0.424 Thread 0x000001b97ea0c800 nmethod 419 0x000001b9007eab90 code [0x000001b9007ead60, 0x000001b9007eb0e8]
Event: 0.482 Thread 0x000001b97eac0800 nmethod 374 0x000001b907bb3810 code [0x000001b907bb3a20, 0x000001b907bb4af0]
Event: 0.482 Thread 0x000001b97eac0800  393       4       java.lang.PublicMethods$MethodList::filter (104 bytes)
Event: 0.487 Thread 0x000001b97eac0800 nmethod 393 0x000001b907bb5110 code [0x000001b907bb52c0, 0x000001b907bb58d8]

GC Heap History (2 events):
Event: 0.425 GC heap before
{Heap before GC invocations=0 (full 0):
 garbage-first heap   total 512000K, used 4096K [0x000000060ce00000, 0x0000000800000000)
  region size 2048K, 3 young (6144K), 0 survivors (0K)
 Metaspace       used 7028K, capacity 7131K, committed 7424K, reserved 1056768K
  class space    used 624K, capacity 671K, committed 768K, reserved 1048576K
}
Event: 0.481 GC heap after
{Heap after GC invocations=1 (full 1):
 garbage-first heap   total 20480K, used 1306K [0x000000060ce00000, 0x0000000800000000)
  region size 2048K, 0 young (0K), 0 survivors (0K)
 Metaspace       used 7028K, capacity 7131K, committed 7424K, reserved 1056768K
  class space    used 624K, capacity 671K, committed 768K, reserved 1048576K
}

Deoptimization events (1 events):
Event: 0.245 Thread 0x000001b96e2f2800 Uncommon trap: reason=unstable_if action=reinterpret pc=0x000001b907ba489c method=java.lang.String.hashCode()I @ 14 c2

Classes redefined (0 events):
No events

Internal exceptions (4 events):
Event: 0.246 Thread 0x000001b96e2f2800 Exception <a 'java/lang/NoClassDefFoundError'{0x000000062c196788}: org/jpype/classloader/DynamicClassLoader> (0x000000062c196788) thrown at [./open/src/hotspot/share/classfile/systemDictionary.cpp, line 215]
Event: 0.322 Thread 0x000001b96e2f2800 Exception <a 'java/lang/NoSuchMethodError'{0x000000062be534e0}: java.lang.invoke.DirectMethodHandle$Holder.invokeStaticInit(Ljava/lang/Object;Ljava/lang/Object;)I> (0x000000062be534e0) thrown at [./open/src/hotspot/share/interpreter/linkResolver.cpp, line
Event: 0.324 Thread 0x000001b96e2f2800 Exception <a 'java/lang/NoSuchMethodError'{0x000000062be599a0}: java.lang.invoke.DirectMethodHandle$Holder.invokeStaticInit(Ljava/lang/Object;I)Ljava/lang/Object;> (0x000000062be599a0) thrown at [./open/src/hotspot/share/interpreter/linkResolver.cpp, line
Event: 0.338 Thread 0x000001b96e2f2800 Exception <a 'sun/nio/fs/WindowsException'{0x000000062bebfce8}> (0x000000062bebfce8) thrown at [./open/src/hotspot/share/prims/jni.cpp, line 611]

Events (10 events):
Event: 0.513 loading class java/util/IdentityHashMap$IdentityHashMapIterator done
Event: 0.513 loading class java/util/IdentityHashMap$KeyIterator done
Event: 0.513 Thread 0x000001b97f00f000 Thread added: 0x000001b97f00f000
Event: 0.527 Executing VM operation: ThreadDump
Event: 0.527 Executing VM operation: ThreadDump done
Event: 0.528 Executing VM operation: RevokeBias
Event: 0.528 Executing VM operation: RevokeBias done
Event: 0.533 Thread 0x000001b97ed31000 Thread exited: 0x000001b97ed31000
Event: 0.533 Executing VM operation: RevokeBias
Event: 0.533 Executing VM operation: RevokeBias done


Dynamic libraries:
0x00007ff7652b0000 - 0x00007ff7652ca000 	C:\Users\92dav\AppData\Local\Programs\Python\Python312\python.exe
0x00007fffb2360000 - 0x00007fffb25c3000 	C:\WINDOWS\SYSTEM32\ntdll.dll
0x00007fffb1330000 - 0x00007fffb13f7000 	C:\WINDOWS\System32\KERNEL32.DLL
0x00007fffaf850000 - 0x00007fffafc17000 	C:\WINDOWS\System32\KERNELBASE.dll
0x00007fffaf700000 - 0x00007fffaf84c000 	C:\WINDOWS\System32\ucrtbase.dll
0x00007ffec77c0000 - 0x00007ffec7e69000 	C:\Users\92dav\AppData\Local\Programs\Python\Python312\python312.dll
0x00007fff8b8b0000 - 0x00007fff8b8cd000 	C:\Users\92dav\AppData\Local\Programs\Python\Python312\VCRUNTIME140.dll
0x00007fffb0cc0000 - 0x00007fffb0d34000 	C:\WINDOWS\System32\WS2_32.dll
0x00007fffb1730000 - 0x00007fffb1846000 	C:\WINDOWS\System32\RPCRT4.dll
0x00007fffb01a0000 - 0x00007fffb0254000 	C:\WINDOWS\System32\ADVAPI32.dll
0x00007fff9ef60000 - 0x00007fff9ef6b000 	C:\WINDOWS\SYSTEM32\VERSION.dll
0x00007fffb2270000 - 0x00007fffb2319000 	C:\WINDOWS\System32\msvcrt.dll
0x00007fffb0b10000 - 0x00007fffb0bb6000 	C:\WINDOWS\System32\sechost.dll
0x00007fffaf030000 - 0x00007fffaf056000 	C:\WINDOWS\SYSTEM32\bcrypt.dll
0x00007fffafda0000 - 0x00007fffafe39000 	C:\WINDOWS\System32\bcryptprimitives.dll
0x000001b94bb00000 - 0x000001b94bb0f000 	C:\Users\92dav\AppData\Local\Programs\Python\Python312\python3.DLL
0x00007ffeddcb0000 - 0x00007ffede0c3000 	C:\FH\Master\Masterarbeit\master-thesis\.venv\Lib\site-packages\numpy\_core\_multiarray_umath.cp312-win_amd64.pyd
0x00007ffec6460000 - 0x00007ffec77bd000 	C:\FH\Master\Masterarbeit\master-thesis\.venv\Lib\site-packages\numpy.libs\libscipy_openblas64_-c16e4918366c6bc1f1cd71e28ca36fc0.dll
0x00007fff56770000 - 0x00007fff5680b000 	C:\FH\Master\Masterarbeit\master-thesis\.venv\Lib\site-packages\numpy.libs\msvcp140-23ebcc0b37c8e3d074511f362feac48b.dll
0x00007fff80780000 - 0x00007fff807a0000 	C:\Users\92dav\AppData\Local\Programs\Python\Python312\DLLs\_ctypes.pyd
0x00007fffb1590000 - 0x00007fffb1725000 	C:\WINDOWS\System32\ole32.dll
0x00007fffac100000 - 0x00007fffac10b000 	C:\Users\92dav\AppData\Local\Programs\Python\Python312\DLLs\libffi-8.dll
0x00007fffb00f0000 - 0x00007fffb0193000 	C:\WINDOWS\System32\msvcp_win.dll
0x00007fffb1400000 - 0x00007fffb142a000 	C:\WINDOWS\System32\GDI32.dll
0x00007fffafd70000 - 0x00007fffafd97000 	C:\WINDOWS\System32\win32u.dll
0x00007fffaffc0000 - 0x00007fffb00eb000 	C:\WINDOWS\System32\gdi32full.dll
0x00007fffb18b0000 - 0x00007fffb1a79000 	C:\WINDOWS\System32\USER32.dll
0x00007fffb0f10000 - 0x00007fffb128e000 	C:\WINDOWS\System32\combase.dll
0x00007fffb0260000 - 0x00007fffb0336000 	C:\WINDOWS\System32\OLEAUT32.dll
0x00007fffb0340000 - 0x00007fffb036f000 	C:\WINDOWS\System32\IMM32.DLL
0x00007fff990e0000 - 0x00007fff990ea000 	C:\Users\92dav\AppData\Local\Programs\Python\Python312\DLLs\_wmi.pyd
0x00007fffa5920000 - 0x00007fffa5a1b000 	C:\WINDOWS\SYSTEM32\PROPSYS.dll
0x00007fff8bff0000 - 0x00007fff8bffc000 	C:\Users\92dav\AppData\Local\Programs\Python\Python312\VCRUNTIME140_1.dll
0x00007fff80110000 - 0x00007fff8012e000 	C:\FH\Master\Masterarbeit\master-thesis\.venv\Lib\site-packages\numpy\linalg\_umath_linalg.cp312-win_amd64.pyd
0x00007fff7fa00000 - 0x00007fff7fa16000 	C:\Users\92dav\AppData\Local\Programs\Python\Python312\DLLs\_bz2.pyd
0x00007fff6eda0000 - 0x00007fff6edc9000 	C:\Users\92dav\AppData\Local\Programs\Python\Python312\DLLs\_lzma.pyd
0x00007fff65a80000 - 0x00007fff65aaf000 	C:\FH\Master\Masterarbeit\master-thesis\.venv\Lib\site-packages\numpy\random\bit_generator.cp312-win_amd64.pyd
0x00007fff658d0000 - 0x00007fff658fd000 	C:\FH\Master\Masterarbeit\master-thesis\.venv\Lib\site-packages\numpy\random\_common.cp312-win_amd64.pyd
0x00007fff70c30000 - 0x00007fff70c41000 	C:\Users\92dav\AppData\Local\Programs\Python\Python312\DLLs\_hashlib.pyd
0x00007ffec5f60000 - 0x00007ffec6459000 	C:\Users\92dav\AppData\Local\Programs\Python\Python312\DLLs\libcrypto-3.dll
0x00007fff4ec20000 - 0x00007fff4ecc0000 	C:\FH\Master\Masterarbeit\master-thesis\.venv\Lib\site-packages\numpy\random\mtrand.cp312-win_amd64.pyd
0x00007fff65890000 - 0x00007fff658cc000 	C:\FH\Master\Masterarbeit\master-thesis\.venv\Lib\site-packages\numpy\random\_bounded_integers.cp312-win_amd64.pyd
0x00007fff70b50000 - 0x00007fff70b6a000 	C:\FH\Master\Masterarbeit\master-thesis\.venv\Lib\site-packages\numpy\random\_mt19937.cp312-win_amd64.pyd
0x00007fff61fe0000 - 0x00007fff61ff8000 	C:\FH\Master\Masterarbeit\master-thesis\.venv\Lib\site-packages\numpy\random\_philox.cp312-win_amd64.pyd
0x00007fff61da0000 - 0x00007fff61dbb000 	C:\FH\Master\Masterarbeit\master-thesis\.venv\Lib\site-packages\numpy\random\_pcg64.cp312-win_amd64.pyd
0x00007fff5e890000 - 0x00007fff5e8a4000 	C:\FH\Master\Masterarbeit\master-thesis\.venv\Lib\site-packages\numpy\random\_sfc64.cp312-win_amd64.pyd
0x00007fff4eb60000 - 0x00007fff4ec1c000 	C:\FH\Master\Masterarbeit\master-thesis\.venv\Lib\site-packages\numpy\random\_generator.cp312-win_amd64.pyd
0x00007fff8bf60000 - 0x00007fff8bf6b000 	C:\FH\Master\Masterarbeit\master-thesis\.venv\Lib\site-packages\pandas\_libs\pandas_parser.cp312-win_amd64.pyd
0x00007fff815e0000 - 0x00007fff815ec000 	C:\FH\Master\Masterarbeit\master-thesis\.venv\Lib\site-packages\pandas\_libs\pandas_datetime.cp312-win_amd64.pyd
0x00007fff44940000 - 0x00007fff44a58000 	C:\FH\Master\Masterarbeit\master-thesis\.venv\Lib\site-packages\pandas\_libs\interval.cp312-win_amd64.pyd
0x00007fff44590000 - 0x00007fff44754000 	C:\FH\Master\Masterarbeit\master-thesis\.venv\Lib\site-packages\pandas\_libs\hashtable.cp312-win_amd64.pyd
0x00007fff5ba70000 - 0x00007fff5ba9e000 	C:\FH\Master\Masterarbeit\master-thesis\.venv\Lib\site-packages\pandas\_libs\missing.cp312-win_amd64.pyd
0x00007fff4eb30000 - 0x00007fff4eb5d000 	C:\FH\Master\Masterarbeit\master-thesis\.venv\Lib\site-packages\pandas\_libs\tslibs\dtypes.cp312-win_amd64.pyd
0x00007fff5bb60000 - 0x00007fff5bb75000 	C:\FH\Master\Masterarbeit\master-thesis\.venv\Lib\site-packages\pandas\_libs\tslibs\ccalendar.cp312-win_amd64.pyd
0x00007fff5b990000 - 0x00007fff5b9b0000 	C:\FH\Master\Masterarbeit\master-thesis\.venv\Lib\site-packages\pandas\_libs\tslibs\np_datetime.cp312-win_amd64.pyd
0x00007fff4eaf0000 - 0x00007fff4eb2d000 	C:\FH\Master\Masterarbeit\master-thesis\.venv\Lib\site-packages\pandas\_libs\tslibs\conversion.cp312-win_amd64.pyd
0x00007fff5b590000 - 0x00007fff5b5a1000 	C:\FH\Master\Masterarbeit\master-thesis\.venv\Lib\site-packages\pandas\_libs\tslibs\base.cp312-win_amd64.pyd
0x00007fff4a3c0000 - 0x00007fff4a49e000 	C:\FH\Master\Masterarbeit\master-thesis\.venv\Lib\site-packages\pandas\_libs\tslibs\offsets.cp312-win_amd64.pyd
0x00007fff4c700000 - 0x00007fff4c781000 	C:\FH\Master\Masterarbeit\master-thesis\.venv\Lib\site-packages\pandas\_libs\tslibs\timestamps.cp312-win_amd64.pyd
0x00007fff4ae90000 - 0x00007fff4aec4000 	C:\FH\Master\Masterarbeit\master-thesis\.venv\Lib\site-packages\pandas\_libs\tslibs\nattype.cp312-win_amd64.pyd
0x00007fff44510000 - 0x00007fff44589000 	C:\FH\Master\Masterarbeit\master-thesis\.venv\Lib\site-packages\pandas\_libs\tslibs\timedeltas.cp312-win_amd64.pyd
0x00007fff49a10000 - 0x00007fff49a4a000 	C:\FH\Master\Masterarbeit\master-thesis\.venv\Lib\site-packages\pandas\_libs\tslibs\timezones.cp312-win_amd64.pyd
0x00007fff812b0000 - 0x00007fff812bd000 	C:\Users\92dav\AppData\Local\Programs\Python\Python312\DLLs\_zoneinfo.pyd
0x000001b96c1c0000 - 0x000001b96c1c3000 	C:\WINDOWS\SYSTEM32\tzres.dll
0x00007fff44e40000 - 0x00007fff44e86000 	C:\FH\Master\Masterarbeit\master-thesis\.venv\Lib\site-packages\pandas\_libs\tslibs\fields.cp312-win_amd64.pyd
0x00007fff444d0000 - 0x00007fff44510000 	C:\FH\Master\Masterarbeit\master-thesis\.venv\Lib\site-packages\pandas\_libs\tslibs\tzconversion.cp312-win_amd64.pyd
0x00007fff4ead0000 - 0x00007fff4eae4000 	C:\FH\Master\Masterarbeit\master-thesis\.venv\Lib\site-packages\pandas\_libs\properties.cp312-win_amd64.pyd
0x00007fff44470000 - 0x00007fff444c4000 	C:\FH\Master\Masterarbeit\master-thesis\.venv\Lib\site-packages\pandas\_libs\tslibs\parsing.cp312-win_amd64.pyd
0x00007fff44430000 - 0x00007fff4446e000 	C:\Users\92dav\AppData\Local\Programs\Python\Python312\DLLs\_decimal.pyd
0x00007fff443e0000 - 0x00007fff4442f000 	C:\FH\Master\Masterarbeit\master-thesis\.venv\Lib\site-packages\pandas\_libs\tslibs\strptime.cp312-win_amd64.pyd
0x00007fff44250000 - 0x00007fff442ba000 	C:\FH\Master\Masterarbeit\master-thesis\.venv\Lib\site-packages\pandas\_libs\tslibs\period.cp312-win_amd64.pyd
0x00007fff44210000 - 0x00007fff44243000 	C:\FH\Master\Masterarbeit\master-thesis\.venv\Lib\site-packages\pandas\_libs\tslibs\vectorized.cp312-win_amd64.pyd
0x00007fff80770000 - 0x00007fff80780000 	C:\FH\Master\Masterarbeit\master-thesis\.venv\Lib\site-packages\pandas\_libs\ops_dispatch.cp312-win_amd64.pyd
0x00007fff43d20000 - 0x00007fff43ee0000 	C:\FH\Master\Masterarbeit\master-thesis\.venv\Lib\site-packages\pandas\_libs\algos.cp312-win_amd64.pyd
0x00007fff43c70000 - 0x00007fff43d17000 	C:\FH\Master\Masterarbeit\master-thesis\.venv\Lib\site-packages\pandas\_libs\lib.cp312-win_amd64.pyd
0x00007fff43b50000 - 0x00007fff43c67000 	C:\Users\92dav\AppData\Local\Programs\Python\Python312\DLLs\unicodedata.pyd
0x00007fff43b10000 - 0x00007fff43b45000 	C:\FH\Master\Masterarbeit\master-thesis\.venv\Lib\site-packages\pandas\_libs\ops.cp312-win_amd64.pyd
0x00007fff43990000 - 0x00007fff439bd000 	C:\FH\Master\Masterarbeit\master-thesis\.venv\Lib\site-packages\pandas\_libs\hashing.cp312-win_amd64.pyd
0x00007fff49680000 - 0x00007fff4969c000 	C:\FH\Master\Masterarbeit\master-thesis\.venv\Lib\site-packages\pandas\_libs\arrays.cp312-win_amd64.pyd
0x00007fff43940000 - 0x00007fff43983000 	C:\FH\Master\Masterarbeit\master-thesis\.venv\Lib\site-packages\pandas\_libs\tslib.cp312-win_amd64.pyd
0x00007fff43870000 - 0x00007fff43940000 	C:\FH\Master\Masterarbeit\master-thesis\.venv\Lib\site-packages\pandas\_libs\sparse.cp312-win_amd64.pyd
0x00007fff43810000 - 0x00007fff43861000 	C:\FH\Master\Masterarbeit\master-thesis\.venv\Lib\site-packages\pandas\_libs\internals.cp312-win_amd64.pyd
0x00007fff44e20000 - 0x00007fff44e32000 	C:\FH\Master\Masterarbeit\master-thesis\.venv\Lib\site-packages\pandas\_libs\indexing.cp312-win_amd64.pyd
0x00007fff43000000 - 0x00007fff430b6000 	C:\FH\Master\Masterarbeit\master-thesis\.venv\Lib\site-packages\pandas\_libs\index.cp312-win_amd64.pyd
0x00007fff437d0000 - 0x00007fff43805000 	C:\FH\Master\Masterarbeit\master-thesis\.venv\Lib\site-packages\pandas\_libs\writers.cp312-win_amd64.pyd
0x00007fff42ef0000 - 0x00007fff42fff000 	C:\FH\Master\Masterarbeit\master-thesis\.venv\Lib\site-packages\pandas\_libs\join.cp312-win_amd64.pyd
0x00007fff42e90000 - 0x00007fff42ee7000 	C:\FH\Master\Masterarbeit\master-thesis\.venv\Lib\site-packages\pandas\_libs\window\aggregations.cp312-win_amd64.pyd
0x00007fff41eb0000 - 0x00007fff41f4b000 	C:\FH\Master\Masterarbeit\master-thesis\.venv\Lib\site-packages\pandas.libs\msvcp140-ef6047a69b174ada5cb2eff1d2bc9a62.dll
0x00007fff437a0000 - 0x00007fff437cc000 	C:\FH\Master\Masterarbeit\master-thesis\.venv\Lib\site-packages\pandas\_libs\window\indexers.cp312-win_amd64.pyd
0x00007fff42d80000 - 0x00007fff42dc1000 	C:\FH\Master\Masterarbeit\master-thesis\.venv\Lib\site-packages\pandas\_libs\reshape.cp312-win_amd64.pyd
0x00007ffec5d30000 - 0x00007ffec5f51000 	C:\FH\Master\Masterarbeit\master-thesis\.venv\Lib\site-packages\pandas\_libs\groupby.cp312-win_amd64.pyd
0x00007fff806d0000 - 0x00007fff806d7000 	C:\Users\92dav\AppData\Local\Programs\Python\Python312\DLLs\_uuid.pyd
0x00007fff44dc0000 - 0x00007fff44dd1000 	C:\FH\Master\Masterarbeit\master-thesis\.venv\Lib\site-packages\pandas\_libs\json.cp312-win_amd64.pyd
0x00007fff42970000 - 0x00007fff429d5000 	C:\FH\Master\Masterarbeit\master-thesis\.venv\Lib\site-packages\pandas\_libs\parsers.cp312-win_amd64.pyd
0x00007fff443c0000 - 0x00007fff443d9000 	C:\FH\Master\Masterarbeit\master-thesis\.venv\Lib\site-packages\pandas\_libs\testing.cp312-win_amd64.pyd
0x00007fff441f0000 - 0x00007fff44206000 	C:\Users\92dav\AppData\Local\Programs\Python\Python312\DLLs\_socket.pyd
0x00007fffadfb0000 - 0x00007fffadfe2000 	C:\WINDOWS\SYSTEM32\IPHLPAPI.DLL
0x00007fff80150000 - 0x00007fff80159000 	C:\Users\92dav\AppData\Local\Programs\Python\Python312\DLLs\select.pyd
0x00007fff42e60000 - 0x00007fff42e8d000 	C:\Users\92dav\AppData\Local\Programs\Python\Python312\DLLs\_ssl.pyd
0x00007fffafe40000 - 0x00007fffaffb6000 	C:\WINDOWS\System32\CRYPT32.dll
0x00007fff41de0000 - 0x00007fff41ea2000 	C:\Users\92dav\AppData\Local\Programs\Python\Python312\DLLs\libssl-3.dll
0x00007fff41be0000 - 0x00007fff41c56000 	C:\FH\Master\Masterarbeit\master-thesis\.venv\Lib\site-packages\_jpype.cp312-win_amd64.pyd
0x00007fff92090000 - 0x00007fff9211d000 	C:\WINDOWS\SYSTEM32\MSVCP140.dll
0x00007ffec5850000 - 0x00007ffec5d22000 	C:\FH\Master\Masterarbeit\master-thesis\.venv\Lib\site-packages\pydantic_core\_pydantic_core.cp312-win_amd64.pyd
0x00007fffaee10000 - 0x00007fffaee1c000 	C:\WINDOWS\SYSTEM32\CRYPTBASE.DLL
0x00007fff7fa70000 - 0x00007fff7fa79000 	C:\Users\92dav\AppData\Local\Programs\Python\Python312\DLLs\_queue.pyd
0x00007fff42d60000 - 0x00007fff42d72000 	C:\Users\92dav\AppData\Local\Programs\Python\Python312\DLLs\_asyncio.pyd
0x00007fff7f4d0000 - 0x00007fff7f4de000 	C:\Users\92dav\AppData\Local\Programs\Python\Python312\DLLs\_overlapped.pyd
0x00007fffaeb50000 - 0x00007fffaebb8000 	C:\WINDOWS\system32\mswsock.dll
0x00007fff41b70000 - 0x00007fff41bda000 	C:\FH\Master\Masterarbeit\master-thesis\.venv\Lib\site-packages\jiter\jiter.cp312-win_amd64.pyd
0x00007ffec4860000 - 0x00007ffec584a000 	C:\FH\Master\Masterarbeit\master-thesis\.venv\Lib\site-packages\z3\lib\libz3.dll
0x00007ffecd910000 - 0x00007ffecda88000 	C:\FH\Master\Masterarbeit\master-thesis\.venv\Lib\site-packages\dependency_injector\providers.cp312-win_amd64.pyd
0x00007fff42ca0000 - 0x00007fff42cbd000 	C:\FH\Master\Masterarbeit\master-thesis\.venv\Lib\site-packages\dependency_injector\_cwiring.cp312-win_amd64.pyd
0x00007fff7f260000 - 0x00007fff7f26a000 	C:\Users\92dav\AppData\Local\Programs\Python\Python312\DLLs\_multiprocessing.pyd
0x00007ffec1bf0000 - 0x00007ffec274e000 	C:\Program Files\Java\jdk-11\bin\server\jvm.dll
0x00007fffb1320000 - 0x00007fffb1328000 	C:\WINDOWS\System32\PSAPI.DLL
0x00007fff65180000 - 0x00007fff6518a000 	C:\WINDOWS\SYSTEM32\WSOCK32.dll
0x00007fff9df80000 - 0x00007fff9dfb6000 	C:\WINDOWS\SYSTEM32\WINMM.dll
0x00007fff7df90000 - 0x00007fff7dfa0000 	C:\Program Files\Java\jdk-11\bin\verify.dll
0x00007fffaca80000 - 0x00007fffaccc1000 	C:\WINDOWS\SYSTEM32\DBGHELP.DLL
0x00007fff70900000 - 0x00007fff70939000 	C:\WINDOWS\SYSTEM32\dbgcore.DLL
0x00007fff41870000 - 0x00007fff41898000 	C:\Program Files\Java\jdk-11\bin\java.dll
0x00007fff77c10000 - 0x00007fff77c1a000 	C:\Program Files\Java\jdk-11\bin\jimage.dll
0x00007fff412a0000 - 0x00007fff412b7000 	C:\Program Files\Java\jdk-11\bin\zip.dll
0x00007fffae640000 - 0x00007fffae65a000 	C:\WINDOWS\SYSTEM32\kernel.appcore.dll
0x00007fffb0380000 - 0x00007fffb0a84000 	C:\WINDOWS\System32\SHELL32.dll
0x00007fffad410000 - 0x00007fffadc47000 	C:\WINDOWS\SYSTEM32\windows.storage.dll
0x00007fffb2140000 - 0x00007fffb2229000 	C:\WINDOWS\System32\SHCORE.dll

dbghelp: loaded successfully - version: 4.0.5 - missing functions: none
symbol engine: initialized successfully - sym options: 0x614 - pdb path: .;C:\Users\92dav\AppData\Local\Programs\Python\Python312;C:\WINDOWS\SYSTEM32;C:\FH\Master\Masterarbeit\master-thesis\.venv\Lib\site-packages\numpy\_core;C:\FH\Master\Masterarbeit\master-thesis\.venv\Lib\site-packages\numpy.libs;C:\Users\92dav\AppData\Local\Programs\Python\Python312\DLLs;C:\FH\Master\Masterarbeit\master-thesis\.venv\Lib\site-packages\numpy\linalg;C:\FH\Master\Masterarbeit\master-thesis\.venv\Lib\site-packages\numpy\random;C:\FH\Master\Masterarbeit\master-thesis\.venv\Lib\site-packages\pandas\_libs;C:\FH\Master\Masterarbeit\master-thesis\.venv\Lib\site-packages\pandas\_libs\tslibs;C:\FH\Master\Masterarbeit\master-thesis\.venv\Lib\site-packages\pandas\_libs\window;C:\FH\Master\Masterarbeit\master-thesis\.venv\Lib\site-packages\pandas.libs;C:\FH\Master\Masterarbeit\master-thesis\.venv\Lib\site-packages;C:\FH\Master\Masterarbeit\master-thesis\.venv\Lib\site-packages\pydantic_core;C:\FH\Master\Masterarbeit\master-thesis\.venv\Lib\site-packages\jiter;C:\FH\Master\Masterarbeit\master-thesis\.venv\Lib\site-packages\z3\lib;C:\FH\Master\Masterarbeit\master-thesis\.venv\Lib\site-packages\dependency_injector;C:\Program Files\Java\jdk-11\bin\server;C:\Program Files\Java\jdk-11\bin

VM Arguments:
java_command: <unknown>
java_class_path (initial): C:\FH\Master\Masterarbeit\master-thesis\dist
Launcher Type: generic

[Global flags]
     intx CICompilerCount                          = 12                                        {product} {ergonomic}
     uint ConcGCThreads                            = 3                                         {product} {ergonomic}
     uint G1ConcRefinementThreads                  = 13                                        {product} {ergonomic}
   size_t G1HeapRegionSize                         = 2097152                                   {product} {ergonomic}
    uintx GCDrainStackTargetSize                   = 64                                        {product} {ergonomic}
   size_t InitialHeapSize                          = 524288000                                 {product} {ergonomic}
   size_t MarkStackSize                            = 4194304                                   {product} {ergonomic}
   size_t MaxHeapSize                              = 8373927936                                {product} {ergonomic}
   size_t MaxNewSize                               = 5022679040                                {product} {ergonomic}
   size_t MinHeapDeltaBytes                        = 2097152                                   {product} {ergonomic}
    uintx NonNMethodCodeHeapSize                   = 7594288                                {pd product} {ergonomic}
    uintx NonProfiledCodeHeapSize                  = 122031976                              {pd product} {ergonomic}
    uintx ProfiledCodeHeapSize                     = 122031976                              {pd product} {ergonomic}
    uintx ReservedCodeCacheSize                    = 251658240                              {pd product} {ergonomic}
     bool SegmentedCodeCache                       = true                                      {product} {ergonomic}
     bool UseCompressedClassPointers               = true                                 {lp64_product} {ergonomic}
     bool UseCompressedOops                        = true                                 {lp64_product} {ergonomic}
     bool UseG1GC                                  = true                                      {product} {ergonomic}
     bool UseLargePagesIndividualAllocation        = false                                  {pd product} {ergonomic}

Logging:
Log output configuration:
 #0: stdout all=warning uptime,level,tags
 #1: stderr all=off uptime,level,tags

Environment Variables:
CLASSPATH=C:\FH\Master\Masterarbeit\tools\antlr-4.13.2-complete.jar
PATH=C:\FH\Master\Masterarbeit\master-thesis\.venv\Scripts;C:\Program Files\Microsoft MPI\Bin\;C:\Program Files\Common Files\Oracle\Java\javapath;C:\Program Files\Eclipse Adoptium\jre-11.0.24.8-hotspot\bin;C:\Program Files\NVIDIA GPU Computing Toolkit\CUDA\v12.4\bin;C:\Program Files\NVIDIA GPU Computing Toolkit\CUDA\v12.4\libnvvp;C:\Program Files\NVIDIA GPU Computing Toolkit\CUDA\v12.5\bin;C:\Program Files\NVIDIA GPU Computing Toolkit\CUDA\v12.5\libnvvp;C:\Program Files\Eclipse Adoptium\jdk-11.0.23.9-hotspot\bin;C:\Program Files (x86)\Common Files\Oracle\Java\java8path;C:\Program Files (x86)\Common Files\Oracle\Java\javapath;C:\Windows\system32;C:\Windows;C:\Windows\System32\Wbem;C:\Windows\System32\WindowsPowerShell\v1.0\;C:\Windows\System32\OpenSSH\;C:\Program Files (x86)\NVIDIA Corporation\PhysX\Common;C:\Program Files\NVIDIA Corporation\NVIDIA NvDLISR;C:\WINDOWS\system32;C:\WINDOWS;C:\WINDOWS\System32\Wbem;C:\WINDOWS\System32\WindowsPowerShell\v1.0\;C:\WINDOWS\System32\OpenSSH\;C:\Program Files\Docker\Docker\resources\bin;C:\Program Files\nodejs\;C:\ProgramData\chocolatey\bin;C:\Program Files\NVIDIA Corporation\Nsight Compute 2024.1.1\;%CLASSPATH%;C:\Program Files (x86)\Windows Kits\10\Windows Performance Toolkit\;C:\Program Files\dotnet\;C:\Program Files\Microsoft SQL Server\150\Tools\Binn\;C:\Program Files\Microsoft SQL Server\Client SDK\ODBC\170\Tools\Binn\;C:\Program Files\Git\cmd;C:\Users\92dav\.cargo\bin;C:\Users\92dav\AppData\Local\Programs\Python\Launcher\;C:\Users\92dav\AppData\Local\Microsoft\WindowsApps;C:\Users\92dav\AppData\Local\JetBrains\Toolbox\scripts;C:\Users\92dav\AppData\Roaming\npm;C:\Users\92dav\AppData\Local\Programs\Microsoft VS Code\bin;C:\Users\92dav\AppData\Local\GitHubDesktop\bin;C:\Users\92dav\AppData\Local\Muse Hub\lib;C:\texlive\2024\bin\windows;C:\Users\92dav\.dotnet\tools;C:\texlive\2024\bin;;C:\Users\92dav\AppData\Local\Microsoft\WindowsApps
USERNAME=92dav
OS=Windows_NT
PROCESSOR_IDENTIFIER=AMD64 Family 25 Model 97 Stepping 2, AuthenticAMD



---------------  S Y S T E M  ---------------

OS: Windows 11 , 64 bit Build 26100 (10.0.26100.3037)
Hyper-V role detected

CPU:total 16 (initial active 16) (16 cores per cpu, 2 threads per core) family 25 model 97 stepping 2 microcode 0xa601209, cmov, cx8, fxsr, mmx, sse, sse2, sse3, ssse3, sse4.1, sse4.2, popcnt, avx, avx2, aes, clmul, erms, mmxext, 3dnowpref, lzcnt, sse4a, ht, tsc, tscinvbit, tscinv, bmi1, bmi2, adx, evex, sha, fma

Memory: 4k page, system-wide physical 31937M (5599M free)
TotalPageFile size 56513M (AvailPageFile size 8764M)
current process WorkingSet (physical memory assigned to process): 136M, peak: 156M
current process commit charge ("private bytes"): 673M, peak: 1208M

vm_info: Java HotSpot(TM) 64-Bit Server VM (11.0.23+7-LTS-222) for windows-amd64 JRE (11.0.23+7-LTS-222), built on Mar 11 2024 22:13:52 by "mach5one" with MS VC++ 17.6 (VS2022)

END.
