#
# A fatal error has been detected by the Java Runtime Environment:
#
#  EXCEPTION_UNCAUGHT_CXX_EXCEPTION (0xe06d7363) at pc=0x00007fff9ad4837a, pid=63684, tid=63832
#
# JRE version: Java(TM) SE Runtime Environment 18.9 (11.0.23+7) (build 11.0.23+7-LTS-222)
# Java VM: Java HotSpot(TM) 64-Bit Server VM 18.9 (11.0.23+7-LTS-222, mixed mode, tiered, compressed oops, g1 gc, windows-amd64)
# Problematic frame:
# C  [KERNELBASE.dll+0xc837a]
#
# No core dump will be written. Minidumps are not enabled by default on client versions of Windows
#
# If you would like to submit a bug report, please visit:
#   https://bugreport.java.com/bugreport/crash.jsp
# The crash happened outside the Java Virtual Machine in native code.
# See problematic frame for where to report the bug.
#

---------------  S U M M A R Y ------------

Command Line: 

Host: AMD Ryzen 7 7745HX with Radeon Graphics        , 16 cores, 31G,  Windows 11 , 64 bit Build 26100 (10.0.26100.2454)
Time: Wed Jan 29 22:38:44 2025 Mitteleuropäische Zeit elapsed time: 0.131221 seconds (0d 0h 0m 0s)

---------------  T H R E A D  ---------------

Current thread (0x0000010826cc9000):  JavaThread "main" [_thread_in_native, id=63832, stack(0x0000000100000000,0x00000001001f0000)]

Stack: [0x0000000100000000,0x00000001001f0000],  sp=0x00000001001ed250,  free space=1972k
Native frames: (J=compiled Java code, j=interpreted, Vv=VM code, C=native code)
C  [KERNELBASE.dll+0xc837a]
C  [VCRUNTIME140.dll+0x6ba7]
C  [_jpype.cp312-win_amd64.pyd+0x3df55]
C  [_jpype.cp312-win_amd64.pyd+0x2c35b]
C  0x000001085214f377

Java frames: (J=compiled Java code, j=interpreted, Vv=VM code)
j  org.jpype.manager.TypeFactoryNative.newWrapper(JJ)V+0
j  org.jpype.JPypeContext.newWrapper(J)V+16
v  ~StubRoutines::call_stub
j  org.jpype.manager.TypeFactoryNative.newWrapper(JJ)V+0
j  org.jpype.JPypeContext.newWrapper(J)V+16
v  ~StubRoutines::call_stub

siginfo: EXCEPTION_UNCAUGHT_CXX_EXCEPTION (0xe06d7363), ExceptionInformation=0x0000000019930520 0x00000001001ed480 0x00007fff4d5090b0 0x00007fff4d4a0000 


Register to memory mapping:

RIP=0x00007fff9ad4837a KERNELBASE.dll
RAX=0x0 is NULL
RBX=0x00000001001ed378 is pointing into the stack for thread: 0x0000010826cc9000
RCX=0x0 is NULL
RDX=0x0000010826fe0a00 points into unknown readable memory: 0x0000000000000000 | 00 00 00 00 00 00 00 00
RSP=0x00000001001ed250 is pointing into the stack for thread: 0x0000010826cc9000
RBP=0x0000000000000004 is an unknown value
RSI=0x0000000000000001 is an unknown value
RDI=0x00000000e06d7363 is an unknown value
R8 =0x00007ffee88a7c2e python312.dll
R9 =0x0 is NULL
R10=0x0 is NULL
R11=0x0 is NULL
R12=0x00000001001ed5a0 is pointing into the stack for thread: 0x0000010826cc9000
R13=0x0000010847d000f0 points into unknown readable memory: 0x00007fff4d4f7938 | 38 79 4f 4d ff 7f 00 00
R14=0x000001084aa78800 points into unknown readable memory: 0x0000000000000001 | 01 00 00 00 00 00 00 00
R15=0x000001084aa79b80 points into unknown readable memory: 0x0000000000000002 | 02 00 00 00 00 00 00 00


Registers:
RAX=0x0000000000000000, RBX=0x00000001001ed378, RCX=0x0000000000000000, RDX=0x0000010826fe0a00
RSP=0x00000001001ed250, RBP=0x0000000000000004, RSI=0x0000000000000001, RDI=0x00000000e06d7363
R8 =0x00007ffee88a7c2e, R9 =0x0000000000000000, R10=0x0000000000000000, R11=0x0000000000000000
R12=0x00000001001ed5a0, R13=0x0000010847d000f0, R14=0x000001084aa78800, R15=0x000001084aa79b80
RIP=0x00007fff9ad4837a, EFLAGS=0x0000000000000202

Top of Stack: (sp=0x00000001001ed250)
0x00000001001ed250:   bff0000000000000 00000001001ed378
0x00000001001ed260:   0000000000000001 0000000000000000
0x00000001001ed270:   00000081e06d7363 0000000000000000
0x00000001001ed280:   00007fff9ad4837a 0000000000000004
0x00000001001ed290:   0000000019930520 00000001001ed480
0x00000001001ed2a0:   00007fff4d5090b0 00007fff4d4a0000
0x00000001001ed2b0:   0000000000000000 0000000000000000
0x00000001001ed2c0:   0000000000000000 0000000000000000
0x00000001001ed2d0:   0000000000000000 0000000000000000
0x00000001001ed2e0:   0000000000000000 0000000000000000
0x00000001001ed2f0:   0000000000000000 0000000000000000
0x00000001001ed300:   0000000000000000 00007fff9a677f19
0x00000001001ed310:   0000bbfbf72ea42f 00000001001ed4b0
0x00000001001ed320:   00007fff4d510000 0000000019930520
0x00000001001ed330:   00000001001ed480 00000001001ed4b0
0x00000001001ed340:   00007fff4d5090b0 00007fff960a6ba7 

Instructions: (pc=0x00007fff9ad4837a)
0x00007fff9ad4835a:   8b d3 44 0f 46 c5 44 89 44 24 38 49 c1 e0 03 e8
0x00007fff9ad4836a:   a9 12 0b 00 48 8d 4c 24 20 48 ff 15 ee 77 1a 00
0x00007fff9ad4837a:   0f 1f 44 00 00 48 8b 8c 24 c0 00 00 00 48 33 cc
0x00007fff9ad4838a:   e8 d1 12 0b 00 48 81 c4 d8 00 00 00 5f 5e 5d 5b 


Stack slot to memory mapping:
stack at sp + 0 slots: 0xbff0000000000000 is an unknown value
stack at sp + 1 slots: 0x00000001001ed378 is pointing into the stack for thread: 0x0000010826cc9000
stack at sp + 2 slots: 0x0000000000000001 is an unknown value
stack at sp + 3 slots: 0x0 is NULL
stack at sp + 4 slots: 0x00000081e06d7363 is an unknown value
stack at sp + 5 slots: 0x0 is NULL
stack at sp + 6 slots: 0x00007fff9ad4837a KERNELBASE.dll
stack at sp + 7 slots: 0x0000000000000004 is an unknown value


---------------  P R O C E S S  ---------------

Threads class SMR info:
_java_thread_list=0x0000010849dbcb20, length=12, elements={
0x0000010826cc9000, 0x0000010849a19800, 0x0000010849a8e800, 0x0000010849ac4000,
0x0000010849ad4000, 0x0000010849adf800, 0x0000010849af6800, 0x0000010849b08800,
0x0000010849ca3800, 0x0000010849cbb000, 0x0000010849096800, 0x0000010849095800
}

Java Threads: ( => current thread )
=>0x0000010826cc9000 JavaThread "main" [_thread_in_native, id=63832, stack(0x0000000100000000,0x00000001001f0000)]
  0x0000010849a19800 JavaThread "Reference Handler" daemon [_thread_blocked, id=66284, stack(0x0000000104010000,0x0000000104200000)]
  0x0000010849a8e800 JavaThread "Finalizer" daemon [_thread_blocked, id=62984, stack(0x0000000104200000,0x00000001043f0000)]
  0x0000010849ac4000 JavaThread "Attach Listener" daemon [_thread_blocked, id=79456, stack(0x00000001045e0000,0x00000001047d0000)]
  0x0000010849ad4000 JavaThread "Service Thread" daemon [_thread_blocked, id=14108, stack(0x00000001047d0000,0x00000001049c0000)]
  0x0000010849adf800 JavaThread "C2 CompilerThread0" daemon [_thread_blocked, id=5352, stack(0x00000001049c0000,0x0000000104bb0000)]
  0x0000010849af6800 JavaThread "C1 CompilerThread0" daemon [_thread_blocked, id=75340, stack(0x0000000104bb0000,0x0000000104da0000)]
  0x0000010849b08800 JavaThread "Sweeper thread" daemon [_thread_blocked, id=81664, stack(0x0000000104da0000,0x0000000104f90000)]
  0x0000010849ca3800 JavaThread "C1 CompilerThread1" daemon [_thread_blocked, id=65056, stack(0x0000000104f90000,0x0000000105180000)]
  0x0000010849cbb000 JavaThread "C1 CompilerThread2" daemon [_thread_blocked, id=33536, stack(0x0000000105180000,0x0000000105370000)]
  0x0000010849096800 JavaThread "Common-Cleaner" daemon [_thread_blocked, id=74700, stack(0x0000000105560000,0x0000000105750000)]
  0x0000010849095800 JavaThread "SIGINT handler" daemon [_thread_blocked, id=82288, stack(0x0000000106e90000,0x0000000107080000)]

Other Threads:
  0x0000010849a18800 VMThread "VM Thread" [stack: 0x0000000103e20000,0x0000000104010000] [id=25072] _threads_hazard_ptr=0x0000010849dbcb20
  0x0000010849669000 GCTaskThread "GC Thread#0" [stack: 0x0000000103470000,0x0000000103660000] [id=63392]
  0x0000010849e2d000 GCTaskThread "GC Thread#1" [stack: 0x0000000105940000,0x0000000105b30000] [id=83684]
  0x0000010849e2e000 GCTaskThread "GC Thread#2" [stack: 0x0000000105b30000,0x0000000105d20000] [id=60320]
  0x0000010878247800 GCTaskThread "GC Thread#3" [stack: 0x0000000105d20000,0x0000000105f10000] [id=80884]
  0x000001087824a000 GCTaskThread "GC Thread#4" [stack: 0x0000000105f10000,0x0000000106100000] [id=80160]
  0x0000010878261000 GCTaskThread "GC Thread#5" [stack: 0x0000000106100000,0x00000001062f0000] [id=81308]
  0x0000010878261800 GCTaskThread "GC Thread#6" [stack: 0x00000001062f0000,0x00000001064e0000] [id=79088]
  0x000001087826d800 GCTaskThread "GC Thread#7" [stack: 0x00000001064e0000,0x00000001066d0000] [id=22340]
  0x0000010849d42000 GCTaskThread "GC Thread#8" [stack: 0x00000001066d0000,0x00000001068c0000] [id=79916]
  0x0000010849d45800 GCTaskThread "GC Thread#9" [stack: 0x00000001068c0000,0x0000000106ab0000] [id=58772]
  0x0000010849d46800 GCTaskThread "GC Thread#10" [stack: 0x0000000106ab0000,0x0000000106ca0000] [id=86352]
  0x0000010849d49800 GCTaskThread "GC Thread#11" [stack: 0x0000000106ca0000,0x0000000106e90000] [id=23500]
  0x00000108490a2800 ConcurrentGCThread "G1 Main Marker" [stack: 0x0000000103660000,0x0000000103850000] [id=81524]
  0x00000108496f1000 ConcurrentGCThread "G1 Conc#0" [stack: 0x0000000103850000,0x0000000103a40000] [id=65412]
  0x00000108490a3800 ConcurrentGCThread "G1 Refine#0" [stack: 0x0000000103a40000,0x0000000103c30000] [id=58284]
  0x0000010849895000 ConcurrentGCThread "G1 Young RemSet Sampling" [stack: 0x0000000103c30000,0x0000000103e20000] [id=74900]

Threads with active compile tasks:
C2 CompilerThread0      236  369       4       java.util.HashMap::putVal (300 bytes)
C1 CompilerThread0      236  376       3       org.jpype.manager.MethodResolution::<init> (498 bytes)
C1 CompilerThread1      236  383       3       java.util.HashMap$HashIterator::nextNode (100 bytes)
C1 CompilerThread2      236  379   !   3       java.lang.reflect.Executable::sharedToString (212 bytes)

VM state:at safepoint (normal execution)

VM Mutex/Monitor currently owned by a thread:  ([mutex/lock_event])
[0x000001084964ca00] Threads_lock - owner thread: 0x0000010849a18800

Heap address: 0x000000060ce00000, size: 7986 MB, Compressed Oops mode: Zero based, Oop shift amount: 3
Narrow klass base: 0x0000000800000000, Narrow klass shift: 0
Compressed class space size: 1073741824 Address: 0x0000000800000000

Heap:
 garbage-first heap   total 14336K, used 967K [0x000000060ce00000, 0x0000000800000000)
  region size 2048K, 1 young (2048K), 0 survivors (0K)
 Metaspace       used 6887K, capacity 7003K, committed 7168K, reserved 1056768K
  class space    used 622K, capacity 671K, committed 768K, reserved 1048576K
Heap Regions: E=young(eden), S=young(survivor), O=old, HS=humongous(starts), HC=humongous(continues), CS=collection set, F=free, A=archive, TAMS=top-at-mark-start (previous, next)
|   0|0x000000060ce00000, 0x000000060ce00000, 0x000000060d000000|  0%| F|  |TAMS 0x000000060ce00000, 0x000000060ce00000| Untracked 
|   1|0x000000060d000000, 0x000000060d000000, 0x000000060d200000|  0%| F|  |TAMS 0x000000060d000000, 0x000000060d000000| Untracked 
|   2|0x000000060d200000, 0x000000060d200000, 0x000000060d400000|  0%| F|  |TAMS 0x000000060d200000, 0x000000060d200000| Untracked 
|   3|0x000000060d400000, 0x000000060d400000, 0x000000060d600000|  0%| F|  |TAMS 0x000000060d400000, 0x000000060d400000| Untracked 
|   4|0x000000060d600000, 0x000000060d741908, 0x000000060d800000| 62%| E|  |TAMS 0x000000060d600000, 0x000000060d600000| Complete 
|   7|0x000000060dc00000, 0x000000060dc3bfa0, 0x000000060de00000| 11%| O|  |TAMS 0x000000060dc00000, 0x000000060dc00000| Untracked 
|  15|0x000000060ec00000, 0x000000060ecb5f08, 0x000000060ee00000| 35%| O|  |TAMS 0x000000060ec00000, 0x000000060ec00000| Untracked 

Card table byte_map: [0x0000010863090000,0x0000010864030000] _byte_map_base: 0x0000010860029000

Marking Bits (Prev, Next): (CMBitMap*) 0x00000108492347b8, (CMBitMap*) 0x00000108492347f0
 Prev Bits: [0x0000010864fd0000, 0x000001086cc98000)
 Next Bits: [0x000001086cca0000, 0x0000010874968000)

Polling page: 0x000001084a230000

Metaspace:

Usage:
  Non-class:      6.18 MB capacity,     6.12 MB ( 99%) used,    62.25 KB ( <1%) free+waste,     4.25 KB ( <1%) overhead. 
      Class:    671.00 KB capacity,   622.40 KB ( 93%) used,    46.60 KB (  7%) free+waste,     2.00 KB ( <1%) overhead. 
       Both:      6.84 MB capacity,     6.73 MB ( 98%) used,   108.85 KB (  2%) free+waste,     6.25 KB ( <1%) overhead. 

Virtual space:
  Non-class space:        8.00 MB reserved,       6.25 MB ( 78%) committed 
      Class space:        1.00 GB reserved,     768.00 KB ( <1%) committed 
             Both:        1.01 GB reserved,       7.00 MB ( <1%) committed 

Chunk freelists:
   Non-Class:  512 bytes
       Class:  128 bytes
        Both:  640 bytes

CodeHeap 'non-profiled nmethods': size=119168Kb used=70Kb max_used=70Kb free=119097Kb
 bounds [0x0000010859ce0000, 0x0000010859f50000, 0x0000010861140000]
CodeHeap 'profiled nmethods': size=119168Kb used=587Kb max_used=587Kb free=118580Kb
 bounds [0x0000010852880000, 0x0000010852af0000, 0x0000010859ce0000]
CodeHeap 'non-nmethods': size=7424Kb used=2200Kb max_used=2212Kb free=5223Kb
 bounds [0x0000010852140000, 0x00000108523b0000, 0x0000010852880000]
 total_blobs=729 nmethods=378 adapters=261
 compilation: enabled
              stopped_count=0, restarted_count=0
 full_count=0

Compilation events (10 events):
Event: 0.117 Thread 0x0000010849cbb000 nmethod 373 0x0000010852910c10 code [0x0000010852910dc0, 0x0000010852910f98]
Event: 0.117 Thread 0x0000010849ca3800 nmethod 374 0x0000010852911090 code [0x0000010852911240, 0x00000108529114f8]
Event: 0.117 Thread 0x0000010849cbb000  377       3       jdk.internal.reflect.ClassFileAssembler::emitShort (24 bytes)
Event: 0.117 Thread 0x0000010849ca3800  378       3       jdk.internal.reflect.ClassFileAssembler::cpi (22 bytes)
Event: 0.117 Thread 0x0000010849ca3800 nmethod 378 0x0000010852911610 code [0x00000108529117c0, 0x00000108529119c8]
Event: 0.118 Thread 0x0000010849cbb000 nmethod 377 0x0000010852911a90 code [0x0000010852911c60, 0x0000010852911f78]
Event: 0.118 Thread 0x0000010849cbb000  379   !   3       java.lang.reflect.Executable::sharedToString (212 bytes)
Event: 0.118 Thread 0x0000010849ca3800  380       3       java.lang.reflect.Executable::printModifiersIfNonzero (101 bytes)
Event: 0.118 Thread 0x0000010849ca3800 nmethod 380 0x0000010852912110 code [0x0000010852912380, 0x0000010852912b88]
Event: 0.118 Thread 0x0000010849ca3800  383       3       java.util.HashMap$HashIterator::nextNode (100 bytes)

GC Heap History (2 events):
Event: 0.088 GC heap before
{Heap before GC invocations=0 (full 0):
 garbage-first heap   total 512000K, used 2048K [0x000000060ce00000, 0x0000000800000000)
  region size 2048K, 2 young (4096K), 0 survivors (0K)
 Metaspace       used 6683K, capacity 6860K, committed 7168K, reserved 1056768K
  class space    used 604K, capacity 668K, committed 768K, reserved 1048576K
}
Event: 0.091 GC heap after
{Heap after GC invocations=1 (full 1):
 garbage-first heap   total 14336K, used 967K [0x000000060ce00000, 0x0000000800000000)
  region size 2048K, 0 young (0K), 0 survivors (0K)
 Metaspace       used 6683K, capacity 6860K, committed 7168K, reserved 1056768K
  class space    used 604K, capacity 668K, committed 768K, reserved 1048576K
}

Deoptimization events (1 events):
Event: 0.042 Thread 0x0000010826cc9000 Uncommon trap: reason=unstable_if action=reinterpret pc=0x0000010859ce489c method=java.lang.String.hashCode()I @ 14 c2

Classes redefined (0 events):
No events

Internal exceptions (5 events):
Event: 0.043 Thread 0x0000010826cc9000 Exception <a 'java/lang/NoClassDefFoundError'{0x000000062c1966e0}: org/jpype/classloader/DynamicClassLoader> (0x000000062c1966e0) thrown at [./open/src/hotspot/share/classfile/systemDictionary.cpp, line 215]
Event: 0.075 Thread 0x0000010826cc9000 Exception <a 'java/lang/NoSuchMethodError'{0x000000062be53430}: java.lang.invoke.DirectMethodHandle$Holder.invokeStaticInit(Ljava/lang/Object;Ljava/lang/Object;)I> (0x000000062be53430) thrown at [./open/src/hotspot/share/interpreter/linkResolver.cpp, line
Event: 0.076 Thread 0x0000010826cc9000 Exception <a 'java/lang/NoSuchMethodError'{0x000000062be598f0}: java.lang.invoke.DirectMethodHandle$Holder.invokeStaticInit(Ljava/lang/Object;I)Ljava/lang/Object;> (0x000000062be598f0) thrown at [./open/src/hotspot/share/interpreter/linkResolver.cpp, line
Event: 0.082 Thread 0x0000010826cc9000 Exception <a 'sun/nio/fs/WindowsException'{0x000000062bf3aa40}> (0x000000062bf3aa40) thrown at [./open/src/hotspot/share/prims/jni.cpp, line 611]
Event: 0.118 Thread 0x0000010849098000 Exception <a 'java/lang/InterruptedException'{0x000000060d6000d8}> (0x000000060d6000d8) thrown at [./open/src/hotspot/share/runtime/objectMonitor.cpp, line 1645]

Events (10 events):
Event: 0.118 Executing VM operation: ThreadDump
Event: 0.118 Executing VM operation: ThreadDump done
Event: 0.118 Executing VM operation: RevokeBias
Event: 0.118 Executing VM operation: RevokeBias done
Event: 0.118 Executing VM operation: RevokeBias
Event: 0.118 Thread 0x0000010849098000 Thread exited: 0x0000010849098000
Event: 0.118 Executing VM operation: RevokeBias done
Event: 0.118 Thread 0x0000010849098800 Thread exited: 0x0000010849098800
Event: 0.118 Thread 0x0000010849ac1000 Thread exited: 0x0000010849ac1000
Event: 0.118 Executing VM operation: Exit


Dynamic libraries:
0x00007ff76fd30000 - 0x00007ff76fd4a000 	C:\Users\92dav\AppData\Local\Programs\Python\Python312\python.exe
0x00007fff9d280000 - 0x00007fff9d4e3000 	C:\WINDOWS\SYSTEM32\ntdll.dll
0x00007fff9c100000 - 0x00007fff9c1c8000 	C:\WINDOWS\System32\KERNEL32.DLL
0x00007fff9ac80000 - 0x00007fff9b032000 	C:\WINDOWS\System32\KERNELBASE.dll
0x00007fff9a650000 - 0x00007fff9a79b000 	C:\WINDOWS\System32\ucrtbase.dll
0x00007fff960a0000 - 0x00007fff960bd000 	C:\Users\92dav\AppData\Local\Programs\Python\Python312\VCRUNTIME140.dll
0x00007ffee8390000 - 0x00007ffee8a39000 	C:\Users\92dav\AppData\Local\Programs\Python\Python312\python312.dll
0x00007fff9b7f0000 - 0x00007fff9b864000 	C:\WINDOWS\System32\WS2_32.dll
0x00007fff9cb70000 - 0x00007fff9cc86000 	C:\WINDOWS\System32\RPCRT4.dll
0x00007fff8f3f0000 - 0x00007fff8f3fb000 	C:\WINDOWS\SYSTEM32\VERSION.dll
0x00007fff9b940000 - 0x00007fff9b9f4000 	C:\WINDOWS\System32\ADVAPI32.dll
0x00007fff9bb10000 - 0x00007fff9bbb9000 	C:\WINDOWS\System32\msvcrt.dll
0x00007fff9b890000 - 0x00007fff9b936000 	C:\WINDOWS\System32\sechost.dll
0x00007fff99f80000 - 0x00007fff99fa6000 	C:\WINDOWS\SYSTEM32\bcrypt.dll
0x00007fff9b040000 - 0x00007fff9b0d9000 	C:\WINDOWS\System32\bcryptprimitives.dll
0x0000010826ff0000 - 0x0000010826fff000 	C:\Users\92dav\AppData\Local\Programs\Python\Python312\python3.DLL
0x00007ffee7f70000 - 0x00007ffee8383000 	C:\FH\Master\Masterarbeit\master-thesis\.venv\Lib\site-packages\numpy\_core\_multiarray_umath.cp312-win_amd64.pyd
0x00007ffebbcc0000 - 0x00007ffebd01d000 	C:\FH\Master\Masterarbeit\master-thesis\.venv\Lib\site-packages\numpy.libs\libscipy_openblas64_-c16e4918366c6bc1f1cd71e28ca36fc0.dll
0x00007fff94b60000 - 0x00007fff94bfb000 	C:\FH\Master\Masterarbeit\master-thesis\.venv\Lib\site-packages\numpy.libs\msvcp140-23ebcc0b37c8e3d074511f362feac48b.dll
0x00007fff96080000 - 0x00007fff960a0000 	C:\Users\92dav\AppData\Local\Programs\Python\Python312\DLLs\_ctypes.pyd
0x00007fff9bbc0000 - 0x00007fff9bd59000 	C:\WINDOWS\System32\ole32.dll
0x00007fff96070000 - 0x00007fff9607b000 	C:\Users\92dav\AppData\Local\Programs\Python\Python312\DLLs\libffi-8.dll
0x00007fff9a7d0000 - 0x00007fff9a873000 	C:\WINDOWS\System32\msvcp_win.dll
0x00007fff9c9e0000 - 0x00007fff9ca0a000 	C:\WINDOWS\System32\GDI32.dll
0x00007fff9a7a0000 - 0x00007fff9a7c7000 	C:\WINDOWS\System32\win32u.dll
0x00007fff9a880000 - 0x00007fff9a9ab000 	C:\WINDOWS\System32\gdi32full.dll
0x00007fff9bda0000 - 0x00007fff9bf68000 	C:\WINDOWS\System32\USER32.dll
0x00007fff9c5f0000 - 0x00007fff9c96e000 	C:\WINDOWS\System32\combase.dll
0x00007fff9bf70000 - 0x00007fff9c046000 	C:\WINDOWS\System32\OLEAUT32.dll
0x00007fff9cd20000 - 0x00007fff9cd4f000 	C:\WINDOWS\System32\IMM32.DLL
0x00007fff95ee0000 - 0x00007fff95eea000 	C:\Users\92dav\AppData\Local\Programs\Python\Python312\DLLs\_wmi.pyd
0x00007fff95ed0000 - 0x00007fff95edc000 	C:\Users\92dav\AppData\Local\Programs\Python\Python312\VCRUNTIME140_1.dll
0x00007fff8deb0000 - 0x00007fff8dfa4000 	C:\WINDOWS\SYSTEM32\PROPSYS.dll
0x00007fff95eb0000 - 0x00007fff95ece000 	C:\FH\Master\Masterarbeit\master-thesis\.venv\Lib\site-packages\numpy\linalg\_umath_linalg.cp312-win_amd64.pyd
0x00007fff95650000 - 0x00007fff95666000 	C:\Users\92dav\AppData\Local\Programs\Python\Python312\DLLs\_bz2.pyd
0x00007fff955a0000 - 0x00007fff955c9000 	C:\Users\92dav\AppData\Local\Programs\Python\Python312\DLLs\_lzma.pyd
0x00007fff95030000 - 0x00007fff9505f000 	C:\FH\Master\Masterarbeit\master-thesis\.venv\Lib\site-packages\numpy\random\bit_generator.cp312-win_amd64.pyd
0x00007fff94e30000 - 0x00007fff94e5d000 	C:\FH\Master\Masterarbeit\master-thesis\.venv\Lib\site-packages\numpy\random\_common.cp312-win_amd64.pyd
0x00007fff95010000 - 0x00007fff95021000 	C:\Users\92dav\AppData\Local\Programs\Python\Python312\DLLs\_hashlib.pyd
0x00007ffee7a70000 - 0x00007ffee7f69000 	C:\Users\92dav\AppData\Local\Programs\Python\Python312\DLLs\libcrypto-3.dll
0x00007fff947b0000 - 0x00007fff94850000 	C:\FH\Master\Masterarbeit\master-thesis\.venv\Lib\site-packages\numpy\random\mtrand.cp312-win_amd64.pyd
0x00007fff94df0000 - 0x00007fff94e2c000 	C:\FH\Master\Masterarbeit\master-thesis\.venv\Lib\site-packages\numpy\random\_bounded_integers.cp312-win_amd64.pyd
0x00007fff94fb0000 - 0x00007fff94fca000 	C:\FH\Master\Masterarbeit\master-thesis\.venv\Lib\site-packages\numpy\random\_mt19937.cp312-win_amd64.pyd
0x00007fff94a50000 - 0x00007fff94a68000 	C:\FH\Master\Masterarbeit\master-thesis\.venv\Lib\site-packages\numpy\random\_philox.cp312-win_amd64.pyd
0x00007fff94790000 - 0x00007fff947ab000 	C:\FH\Master\Masterarbeit\master-thesis\.venv\Lib\site-packages\numpy\random\_pcg64.cp312-win_amd64.pyd
0x00007fff94770000 - 0x00007fff94784000 	C:\FH\Master\Masterarbeit\master-thesis\.venv\Lib\site-packages\numpy\random\_sfc64.cp312-win_amd64.pyd
0x00007fff939b0000 - 0x00007fff93a6c000 	C:\FH\Master\Masterarbeit\master-thesis\.venv\Lib\site-packages\numpy\random\_generator.cp312-win_amd64.pyd
0x00007fff95ea0000 - 0x00007fff95eab000 	C:\FH\Master\Masterarbeit\master-thesis\.venv\Lib\site-packages\pandas\_libs\pandas_parser.cp312-win_amd64.pyd
0x00007fff95590000 - 0x00007fff9559c000 	C:\FH\Master\Masterarbeit\master-thesis\.venv\Lib\site-packages\pandas\_libs\pandas_datetime.cp312-win_amd64.pyd
0x00007fff82db0000 - 0x00007fff82ec8000 	C:\FH\Master\Masterarbeit\master-thesis\.venv\Lib\site-packages\pandas\_libs\interval.cp312-win_amd64.pyd
0x00007fff5f220000 - 0x00007fff5f3e4000 	C:\FH\Master\Masterarbeit\master-thesis\.venv\Lib\site-packages\pandas\_libs\hashtable.cp312-win_amd64.pyd
0x00007fff94740000 - 0x00007fff9476e000 	C:\FH\Master\Masterarbeit\master-thesis\.venv\Lib\site-packages\pandas\_libs\missing.cp312-win_amd64.pyd
0x00007fff94610000 - 0x00007fff9463d000 	C:\FH\Master\Masterarbeit\master-thesis\.venv\Lib\site-packages\pandas\_libs\tslibs\dtypes.cp312-win_amd64.pyd
0x00007fff94690000 - 0x00007fff946a5000 	C:\FH\Master\Masterarbeit\master-thesis\.venv\Lib\site-packages\pandas\_libs\tslibs\ccalendar.cp312-win_amd64.pyd
0x00007fff94470000 - 0x00007fff94490000 	C:\FH\Master\Masterarbeit\master-thesis\.venv\Lib\site-packages\pandas\_libs\tslibs\np_datetime.cp312-win_amd64.pyd
0x00007fff94430000 - 0x00007fff9446d000 	C:\FH\Master\Masterarbeit\master-thesis\.venv\Lib\site-packages\pandas\_libs\tslibs\conversion.cp312-win_amd64.pyd
0x00007fff94100000 - 0x00007fff94111000 	C:\FH\Master\Masterarbeit\master-thesis\.venv\Lib\site-packages\pandas\_libs\tslibs\base.cp312-win_amd64.pyd
0x00007fff926f0000 - 0x00007fff927ce000 	C:\FH\Master\Masterarbeit\master-thesis\.venv\Lib\site-packages\pandas\_libs\tslibs\offsets.cp312-win_amd64.pyd
0x00007fff94070000 - 0x00007fff940f1000 	C:\FH\Master\Masterarbeit\master-thesis\.venv\Lib\site-packages\pandas\_libs\tslibs\timestamps.cp312-win_amd64.pyd
0x00007fff93970000 - 0x00007fff939a4000 	C:\FH\Master\Masterarbeit\master-thesis\.venv\Lib\site-packages\pandas\_libs\tslibs\nattype.cp312-win_amd64.pyd
0x00007fff93440000 - 0x00007fff934b9000 	C:\FH\Master\Masterarbeit\master-thesis\.venv\Lib\site-packages\pandas\_libs\tslibs\timedeltas.cp312-win_amd64.pyd
0x00007fff93930000 - 0x00007fff9396a000 	C:\FH\Master\Masterarbeit\master-thesis\.venv\Lib\site-packages\pandas\_libs\tslibs\timezones.cp312-win_amd64.pyd
0x00007fff94f40000 - 0x00007fff94f4d000 	C:\Users\92dav\AppData\Local\Programs\Python\Python312\DLLs\_zoneinfo.pyd
0x00000108477b0000 - 0x00000108477b3000 	C:\WINDOWS\SYSTEM32\tzres.dll
0x00007fff93840000 - 0x00007fff93886000 	C:\FH\Master\Masterarbeit\master-thesis\.venv\Lib\site-packages\pandas\_libs\tslibs\fields.cp312-win_amd64.pyd
0x00007fff92dd0000 - 0x00007fff92e10000 	C:\FH\Master\Masterarbeit\master-thesis\.venv\Lib\site-packages\pandas\_libs\tslibs\tzconversion.cp312-win_amd64.pyd
0x00007fff94040000 - 0x00007fff94054000 	C:\FH\Master\Masterarbeit\master-thesis\.venv\Lib\site-packages\pandas\_libs\properties.cp312-win_amd64.pyd
0x00007fff92c30000 - 0x00007fff92c84000 	C:\FH\Master\Masterarbeit\master-thesis\.venv\Lib\site-packages\pandas\_libs\tslibs\parsing.cp312-win_amd64.pyd
0x00007fff92bf0000 - 0x00007fff92c2e000 	C:\Users\92dav\AppData\Local\Programs\Python\Python312\DLLs\_decimal.pyd
0x00007fff929b0000 - 0x00007fff929ff000 	C:\FH\Master\Masterarbeit\master-thesis\.venv\Lib\site-packages\pandas\_libs\tslibs\strptime.cp312-win_amd64.pyd
0x00007fff92540000 - 0x00007fff925aa000 	C:\FH\Master\Masterarbeit\master-thesis\.venv\Lib\site-packages\pandas\_libs\tslibs\period.cp312-win_amd64.pyd
0x00007fff92500000 - 0x00007fff92533000 	C:\FH\Master\Masterarbeit\master-thesis\.venv\Lib\site-packages\pandas\_libs\tslibs\vectorized.cp312-win_amd64.pyd
0x00007fff94de0000 - 0x00007fff94df0000 	C:\FH\Master\Masterarbeit\master-thesis\.venv\Lib\site-packages\pandas\_libs\ops_dispatch.cp312-win_amd64.pyd
0x00007fff5c670000 - 0x00007fff5c830000 	C:\FH\Master\Masterarbeit\master-thesis\.venv\Lib\site-packages\pandas\_libs\algos.cp312-win_amd64.pyd
0x00007fff65bc0000 - 0x00007fff65c67000 	C:\FH\Master\Masterarbeit\master-thesis\.venv\Lib\site-packages\pandas\_libs\lib.cp312-win_amd64.pyd
0x00007fff65930000 - 0x00007fff65a47000 	C:\Users\92dav\AppData\Local\Programs\Python\Python312\DLLs\unicodedata.pyd
0x00007fff920b0000 - 0x00007fff920e5000 	C:\FH\Master\Masterarbeit\master-thesis\.venv\Lib\site-packages\pandas\_libs\ops.cp312-win_amd64.pyd
0x00007fff93410000 - 0x00007fff9343d000 	C:\FH\Master\Masterarbeit\master-thesis\.venv\Lib\site-packages\pandas\_libs\hashing.cp312-win_amd64.pyd
0x00007fff93300000 - 0x00007fff9331c000 	C:\FH\Master\Masterarbeit\master-thesis\.venv\Lib\site-packages\pandas\_libs\arrays.cp312-win_amd64.pyd
0x00007fff6f9b0000 - 0x00007fff6f9f3000 	C:\FH\Master\Masterarbeit\master-thesis\.venv\Lib\site-packages\pandas\_libs\tslib.cp312-win_amd64.pyd
0x00007fff5ed70000 - 0x00007fff5ee40000 	C:\FH\Master\Masterarbeit\master-thesis\.venv\Lib\site-packages\pandas\_libs\sparse.cp312-win_amd64.pyd
0x00007fff6f830000 - 0x00007fff6f881000 	C:\FH\Master\Masterarbeit\master-thesis\.venv\Lib\site-packages\pandas\_libs\internals.cp312-win_amd64.pyd
0x00007fff92e30000 - 0x00007fff92e42000 	C:\FH\Master\Masterarbeit\master-thesis\.venv\Lib\site-packages\pandas\_libs\indexing.cp312-win_amd64.pyd
0x00007fff5c5b0000 - 0x00007fff5c666000 	C:\FH\Master\Masterarbeit\master-thesis\.venv\Lib\site-packages\pandas\_libs\index.cp312-win_amd64.pyd
0x00007fff91670000 - 0x00007fff916a5000 	C:\FH\Master\Masterarbeit\master-thesis\.venv\Lib\site-packages\pandas\_libs\writers.cp312-win_amd64.pyd
0x00007fff4d5f0000 - 0x00007fff4d6ff000 	C:\FH\Master\Masterarbeit\master-thesis\.venv\Lib\site-packages\pandas\_libs\join.cp312-win_amd64.pyd
0x00007fff67080000 - 0x00007fff670d7000 	C:\FH\Master\Masterarbeit\master-thesis\.venv\Lib\site-packages\pandas\_libs\window\aggregations.cp312-win_amd64.pyd
0x00007fff5b960000 - 0x00007fff5b9fb000 	C:\FH\Master\Masterarbeit\master-thesis\.venv\Lib\site-packages\pandas.libs\msvcp140-ef6047a69b174ada5cb2eff1d2bc9a62.dll
0x00007fff92bc0000 - 0x00007fff92bec000 	C:\FH\Master\Masterarbeit\master-thesis\.venv\Lib\site-packages\pandas\_libs\window\indexers.cp312-win_amd64.pyd
0x00007fff6caf0000 - 0x00007fff6cb31000 	C:\FH\Master\Masterarbeit\master-thesis\.venv\Lib\site-packages\pandas\_libs\reshape.cp312-win_amd64.pyd
0x00007fff00c90000 - 0x00007fff00eb1000 	C:\FH\Master\Masterarbeit\master-thesis\.venv\Lib\site-packages\pandas\_libs\groupby.cp312-win_amd64.pyd
0x00007fff949c0000 - 0x00007fff949c7000 	C:\Users\92dav\AppData\Local\Programs\Python\Python312\DLLs\_uuid.pyd
0x00007fff92db0000 - 0x00007fff92dc1000 	C:\FH\Master\Masterarbeit\master-thesis\.venv\Lib\site-packages\pandas\_libs\json.cp312-win_amd64.pyd
0x00007fff5b020000 - 0x00007fff5b085000 	C:\FH\Master\Masterarbeit\master-thesis\.venv\Lib\site-packages\pandas\_libs\parsers.cp312-win_amd64.pyd
0x00007fff92090000 - 0x00007fff920a9000 	C:\FH\Master\Masterarbeit\master-thesis\.venv\Lib\site-packages\pandas\_libs\testing.cp312-win_amd64.pyd
0x00007fff82d90000 - 0x00007fff82da6000 	C:\Users\92dav\AppData\Local\Programs\Python\Python312\DLLs\_socket.pyd
0x00007fff98f00000 - 0x00007fff98f32000 	C:\WINDOWS\SYSTEM32\IPHLPAPI.DLL
0x00007fff94730000 - 0x00007fff94739000 	C:\Users\92dav\AppData\Local\Programs\Python\Python312\DLLs\select.pyd
0x00007fff761e0000 - 0x00007fff7620d000 	C:\Users\92dav\AppData\Local\Programs\Python\Python312\DLLs\_ssl.pyd
0x00007fff9a9b0000 - 0x00007fff9ab26000 	C:\WINDOWS\System32\CRYPT32.dll
0x00007fff4d520000 - 0x00007fff4d5e2000 	C:\Users\92dav\AppData\Local\Programs\Python\Python312\DLLs\libssl-3.dll
0x00007fff99570000 - 0x00007fff9958a000 	C:\WINDOWS\SYSTEM32\kernel.appcore.dll
0x00007fff978e0000 - 0x00007fff9798d000 	C:\WINDOWS\system32\uxtheme.dll
0x00007fff35f70000 - 0x00007fff360a3000 	C:\ProgramData\A-Volute\A-Volute.Nahimic\Modules\Scheduled\x64\AudioDevProps2.dll
0x00007fff9c980000 - 0x00007fff9c9dd000 	C:\WINDOWS\System32\SHLWAPI.dll
0x00007fff9b0e0000 - 0x00007fff9b7e1000 	C:\WINDOWS\System32\SHELL32.dll
0x00007fff9c050000 - 0x00007fff9c0f8000 	C:\WINDOWS\System32\clbcatq.dll
0x00007fff835a0000 - 0x00007fff835bd000 	C:\WINDOWS\SYSTEM32\amsi.dll
0x00007fff99b40000 - 0x00007fff99b6b000 	C:\WINDOWS\SYSTEM32\USERENV.dll
0x00007fff9a560000 - 0x00007fff9a58e000 	C:\WINDOWS\SYSTEM32\profapi.dll
0x00007fff834e0000 - 0x00007fff83563000 	C:\ProgramData\Microsoft\Windows Defender\Platform\4.18.24090.11-0\MpOav.dll
0x00007fff945d0000 - 0x00007fff945d9000 	C:\Users\92dav\AppData\Local\Programs\Python\Python312\DLLs\_queue.pyd
0x00007fff658f0000 - 0x00007fff65922000 	C:\Users\92dav\AppData\Local\Programs\Python\Python312\DLLs\pyexpat.pyd
0x00007fff5afc0000 - 0x00007fff5b01f000 	C:\Users\92dav\AppData\Local\Programs\PyCharm Professional\plugins\python-ce\helpers\pydev\_pydevd_bundle\pydevd_cython_win32_312_64.cp312-win_amd64.pyd
0x00007fff5f1e0000 - 0x00007fff5f211000 	C:\Users\92dav\AppData\Local\Programs\PyCharm Professional\plugins\python-ce\helpers\pydev\_pydevd_bundle\pydevd_pep_669_tracing_cython.cp312-win_amd64.pyd
0x00007fff6cc40000 - 0x00007fff6cc52000 	C:\Users\92dav\AppData\Local\Programs\Python\Python312\DLLs\_asyncio.pyd
0x00007fff94030000 - 0x00007fff9403e000 	C:\Users\92dav\AppData\Local\Programs\Python\Python312\DLLs\_overlapped.pyd
0x00007fff99aa0000 - 0x00007fff99b08000 	C:\WINDOWS\system32\mswsock.dll
0x00007fff4d4a0000 - 0x00007fff4d516000 	C:\FH\Master\Masterarbeit\master-thesis\.venv\Lib\site-packages\_jpype.cp312-win_amd64.pyd
0x00007fff7b040000 - 0x00007fff7b0cd000 	C:\WINDOWS\SYSTEM32\MSVCP140.dll
0x00007fff93920000 - 0x00007fff9392a000 	C:\Users\92dav\AppData\Local\Programs\Python\Python312\DLLs\_multiprocessing.pyd
0x00007ffecf3c0000 - 0x00007ffecff1e000 	C:\Program Files\Java\jdk-11\bin\server\jvm.dll
0x00007fff9c1d0000 - 0x00007fff9c1d8000 	C:\WINDOWS\System32\PSAPI.DLL
0x00007fff877c0000 - 0x00007fff877f6000 	C:\WINDOWS\SYSTEM32\WINMM.dll
0x00007fff55810000 - 0x00007fff5581a000 	C:\WINDOWS\SYSTEM32\WSOCK32.dll
0x00007fff93830000 - 0x00007fff93840000 	C:\Program Files\Java\jdk-11\bin\verify.dll
0x00007fff8e220000 - 0x00007fff8e461000 	C:\WINDOWS\SYSTEM32\DBGHELP.DLL
0x00007fff6c690000 - 0x00007fff6c6c9000 	C:\WINDOWS\SYSTEM32\dbgcore.DLL

dbghelp: loaded successfully - version: 4.0.5 - missing functions: none
symbol engine: initialized successfully - sym options: 0x614 - pdb path: .;C:\Users\92dav\AppData\Local\Programs\Python\Python312;C:\WINDOWS\SYSTEM32;C:\FH\Master\Masterarbeit\master-thesis\.venv\Lib\site-packages\numpy\_core;C:\FH\Master\Masterarbeit\master-thesis\.venv\Lib\site-packages\numpy.libs;C:\Users\92dav\AppData\Local\Programs\Python\Python312\DLLs;C:\FH\Master\Masterarbeit\master-thesis\.venv\Lib\site-packages\numpy\linalg;C:\FH\Master\Masterarbeit\master-thesis\.venv\Lib\site-packages\numpy\random;C:\FH\Master\Masterarbeit\master-thesis\.venv\Lib\site-packages\pandas\_libs;C:\FH\Master\Masterarbeit\master-thesis\.venv\Lib\site-packages\pandas\_libs\tslibs;C:\FH\Master\Masterarbeit\master-thesis\.venv\Lib\site-packages\pandas\_libs\window;C:\FH\Master\Masterarbeit\master-thesis\.venv\Lib\site-packages\pandas.libs;C:\ProgramData\A-Volute\A-Volute.Nahimic\Modules\Scheduled\x64;C:\ProgramData\Microsoft\Windows Defender\Platform\4.18.24090.11-0;C:\Users\92dav\AppData\Local\Programs\PyCharm Professional\plugins\python-ce\helpers\pydev\_pydevd_bundle;C:\FH\Master\Masterarbeit\master-thesis\.venv\Lib\site-packages;C:\Program Files\Java\jdk-11\bin\server;C:\Program Files\Java\jdk-11\bin

VM Arguments:
java_command: <unknown>
java_class_path (initial): C:\FH\Master\Masterarbeit\master-thesis\dist
Launcher Type: generic

[Global flags]
     intx CICompilerCount                          = 12                                        {product} {ergonomic}
     uint ConcGCThreads                            = 3                                         {product} {ergonomic}
     uint G1ConcRefinementThreads                  = 13                                        {product} {ergonomic}
   size_t G1HeapRegionSize                         = 2097152                                   {product} {ergonomic}
    uintx GCDrainStackTargetSize                   = 64                                        {product} {ergonomic}
   size_t InitialHeapSize                          = 524288000                                 {product} {ergonomic}
   size_t MarkStackSize                            = 4194304                                   {product} {ergonomic}
   size_t MaxHeapSize                              = 8373927936                                {product} {ergonomic}
   size_t MaxNewSize                               = 5022679040                                {product} {ergonomic}
   size_t MinHeapDeltaBytes                        = 2097152                                   {product} {ergonomic}
    uintx NonNMethodCodeHeapSize                   = 7594288                                {pd product} {ergonomic}
    uintx NonProfiledCodeHeapSize                  = 122031976                              {pd product} {ergonomic}
    uintx ProfiledCodeHeapSize                     = 122031976                              {pd product} {ergonomic}
    uintx ReservedCodeCacheSize                    = 251658240                              {pd product} {ergonomic}
     bool SegmentedCodeCache                       = true                                      {product} {ergonomic}
     bool UseCompressedClassPointers               = true                                 {lp64_product} {ergonomic}
     bool UseCompressedOops                        = true                                 {lp64_product} {ergonomic}
     bool UseG1GC                                  = true                                      {product} {ergonomic}
     bool UseLargePagesIndividualAllocation        = false                                  {pd product} {ergonomic}

Logging:
Log output configuration:
 #0: stdout all=warning uptime,level,tags
 #1: stderr all=off uptime,level,tags

Environment Variables:
CLASSPATH=C:\FH\Master\Masterarbeit\tools\antlr-4.13.2-complete.jar
PATH=C:\FH\Master\Masterarbeit\master-thesis\.venv\Scripts;C:\Program Files\Microsoft MPI\Bin\;C:\Program Files\Common Files\Oracle\Java\javapath;C:\Program Files\Eclipse Adoptium\jre-11.0.24.8-hotspot\bin;C:\Program Files\NVIDIA GPU Computing Toolkit\CUDA\v12.4\bin;C:\Program Files\NVIDIA GPU Computing Toolkit\CUDA\v12.4\libnvvp;C:\Program Files\NVIDIA GPU Computing Toolkit\CUDA\v12.5\bin;C:\Program Files\NVIDIA GPU Computing Toolkit\CUDA\v12.5\libnvvp;C:\Program Files\Eclipse Adoptium\jdk-11.0.23.9-hotspot\bin;C:\Program Files (x86)\Common Files\Oracle\Java\java8path;C:\Program Files (x86)\Common Files\Oracle\Java\javapath;C:\Windows\system32;C:\Windows;C:\Windows\System32\Wbem;C:\Windows\System32\WindowsPowerShell\v1.0\;C:\Windows\System32\OpenSSH\;C:\Program Files (x86)\NVIDIA Corporation\PhysX\Common;C:\Program Files\NVIDIA Corporation\NVIDIA NvDLISR;C:\WINDOWS\system32;C:\WINDOWS;C:\WINDOWS\System32\Wbem;C:\WINDOWS\System32\WindowsPowerShell\v1.0\;C:\WINDOWS\System32\OpenSSH\;C:\Program Files\Docker\Docker\resources\bin;C:\Program Files\nodejs\;C:\ProgramData\chocolatey\bin;C:\Program Files\NVIDIA Corporation\Nsight Compute 2024.1.1\;%CLASSPATH%;C:\Program Files (x86)\Windows Kits\10\Windows Performance Toolkit\;C:\Program Files\dotnet\;C:\Program Files\Microsoft SQL Server\150\Tools\Binn\;C:\Program Files\Microsoft SQL Server\Client SDK\ODBC\170\Tools\Binn\;C:\Program Files\Git\cmd;C:\Users\92dav\.cargo\bin;C:\Users\92dav\AppData\Local\Programs\Python\Launcher\;C:\Users\92dav\AppData\Local\Microsoft\WindowsApps;C:\Users\92dav\AppData\Local\JetBrains\Toolbox\scripts;C:\Users\92dav\AppData\Roaming\npm;C:\Users\92dav\AppData\Local\Programs\Microsoft VS Code\bin;C:\Users\92dav\AppData\Local\GitHubDesktop\bin;C:\Users\92dav\AppData\Local\Muse Hub\lib;C:\texlive\2024\bin\windows;C:\Users\92dav\.dotnet\tools;C:\texlive\2024\bin;;C:\Users\92dav\AppData\Local\Microsoft\WindowsApps
USERNAME=92dav
OS=Windows_NT
PROCESSOR_IDENTIFIER=AMD64 Family 25 Model 97 Stepping 2, AuthenticAMD



---------------  S Y S T E M  ---------------

OS: Windows 11 , 64 bit Build 26100 (10.0.26100.2454)
Hyper-V role detected

CPU:total 16 (initial active 16) (16 cores per cpu, 2 threads per core) family 25 model 97 stepping 2 microcode 0xa601209, cmov, cx8, fxsr, mmx, sse, sse2, sse3, ssse3, sse4.1, sse4.2, popcnt, avx, avx2, aes, clmul, erms, mmxext, 3dnowpref, lzcnt, sse4a, ht, tsc, tscinvbit, tscinv, bmi1, bmi2, adx, evex, sha, fma

Memory: 4k page, system-wide physical 31937M (12685M free)
TotalPageFile size 49345M (AvailPageFile size 18957M)
current process WorkingSet (physical memory assigned to process): 114M, peak: 129M
current process commit charge ("private bytes"): 642M, peak: 1181M

vm_info: Java HotSpot(TM) 64-Bit Server VM (11.0.23+7-LTS-222) for windows-amd64 JRE (11.0.23+7-LTS-222), built on Mar 11 2024 22:13:52 by "mach5one" with MS VC++ 17.6 (VS2022)

END.
